734 - /r/33y0
504 - /r/1x7m
438 - /r/1eg5
433 - /r/fmf
380 - /r/1lvt
331 - /r/33y1
238 - /r/tpn
227 - /r/252
195 - /r/3g7
160 - /r/1va
152 - /r/2x9l
150 - /r/23z
145 - /r/1i49
136 - /r/1nvz
130 - /r/eya
118 - /r/2rvh
101 - /r/33zx
99 - /r/p0f
94 - /r/39d
92 - /r/0
86 - /r/1hea
84 - /r/1z64
79 - /r/7gb
79 - /r/1z5n
79 - /r/1uj
72 - /r/2bzj
70 - /r/1grd
64 - /r/2rbo
64 - /r/13jy
60 - /r/1qjc
58 - /r/2ols
55 - /r/8n1
52 - /r/240g
52 - /r/7bu
51 - /r/2z65
49 - /r/vwi
47 - /r/jty
44 - /r/1m4x
43 - /r/282s
43 - /r/1i1g
42 - /r/vpm
41 - /r/1nmq
40 - /r/3lp
39 - /r/9b1
38 - /r/iki
37 - /r/3y7%E0%AE%95%E0%AE%9F%E0%AF%8D%E0%AE%9F%E0%AE%B1%E0%AF%8D%E0%AE%B1
36 - /r/p3f
32 - /r/305m
32 - /r/2rvb
30 - /r/nv0
30 - /r/4i9
28 - /r/j9n
28 - /r/1ukb
27 - /r/1u7v
27 - /r/heh
26 - /r/1tti
25 - /r/n8o
25 - /r/cvo
25 - /r/vx4
25 - /r/1gux
23 - /r/1nkh
22 - /r/2wae
22 - /r/2pay
22 - /r/9bb
21 - /r/1fdw
19 - /r/1rxs
19 - /r/1uhy
19 - /r/1txa
19 - /r/1hwd
19 - /r/ad0
18 - /r/4sb
18 - /r/70w
18 - /r/25l
18 - /r/1fek
18 - /r/340n
18 - /r/3a7
18 - /r/1373
17 - /r/brs
17 - /r/60m
17 - /r/2wz
17 - /r/2rvk
17 - /r/gi9
17 - /r/1573
17 - /r/2vd1
16 - /r/34j4
16 - /r/gx3
16 - /r/304b
16 - /r/g2
16 - /r/352o
16 - /r/1o3v
16 - /r/32ky
16 - /r/4vz
16 - /r/45e
16 - /r/29i5
15 - /r/h2
15 - /r/9qv
15 - /r/2yic
15 - /r/a0k
15 - /r/26ft
15 - /r/3fh
14 - /r/eam
14 - /r/29tu
14 - /r/1ck4
13 - /r/4vj
13 - /r/33w8
13 - /r/1yft
13 - /r/o7q
13 - /r/1a15
13 - /r/16o3
13 - /r/2llr
13 - /r/2pf
12 - /r/1y92
12 - /r/2re
12 - /r/4an
12 - /r/3a2
12 - /r/8bb
12 - /r/2e1
12 - /r/1ipf
12 - /r/262
12 - /r/2r95
12 - /r/1ng1
12 - /r/ydf
12 - /r/2yyz
12 - /r/34nh
12 - /r/jai
12 - /r/3a3
11 - /r/w31
11 - /r/fnt
11 - /r/5q7
11 - /r/5d8\xE0\xAE\x95\xE0\xAE\x9F\xE0\xAF\x8D\xE0\xAE\x9F\xE0\xAE\xB1\xE0\xAF\x8D\xE0\xAE\xB1
11 - /r/26x
11 - /r/b0k
11 - /r/1zll
11 - /r/7v5
11 - /r/glm
11 - /r/ual
11 - /r/g0h
11 - /r/1495
11 - /r/15i1
11 - /r/2yti
11 - /r/2rep
11 - /r/1c85
11 - /r/nzo
11 - /r/33gn
10 - /r/1971
10 - /r/amj
10 - /r/3xj
10 - /r/1eva
10 - /r/2u6t
10 - /r/ndn
10 - /r/2gav%3E
10 - /r/2%3Ca%20href=
10 - /r/2eq3
10 - /r/Unassessed_India_articles/
10 - /r/hb3
10 - /r/1zba
10 - /r/2xfb
10 - /r/2n9l
10 - /r/alv
10 - /r/5m3
10 - /r/gke
10 - /r/22q2
10 - /r/2if
10 - /r/30od
10 - /r/2zlu
10 - /r/h2m
10 - /r/5gx
10 - /r/v9m
10 - /r/xq3
9 - /r/1hiw
9 - /r/i4v
9 - /r/1h5f\xE0\xAE\x95\xE0\xAE\x9F\xE0\xAF\x8D\xE0\xAE\x9F\xE0\xAE\xB1\xE0\xAF\x8D\xE0\xAE\xB1
9 - /r/266
9 - /r/3h3
9 - /r/jss
9 - /r/2wp4
9 - /r/3bl
9 - /r/bvj
9 - /r/gx3%E0%AE%95%E0%AE%9F%E0%AF%8D%E0%AE%9F%E0%AE%B1%E0%AF%8D%E0%AE%B1
9 - /r/21vh
9 - /r/2hx8
9 - /r/15mu
9 - /r/gt1
9 - /r/2g6x
9 - /r/2z02
9 - /r/hjr
9 - /r/1qw9
9 - /r/2z3a
9 - /r/9tk
9 - /r/2bgy
9 - /r/2je6
9 - /r/1ssl
9 - /r/1xem
9 - /r/ak8
9 - /r/2zb1
9 - /r/hvu
9 - /r/ag2
9 - /r/2fd
9 - /r/941
8 - /r/25x
8 - /r/5d8%E0%AE%95%E0%AE%9F%E0%AF%8D%E0%AE%9F%E0%AE%B1%E0%AF%8D%E0%AE%B1
8 - /r/r80
8 - /r/jrv
8 - /r/1kdy
8 - /r/k8h
8 - /r/2gap
8 - /r/31cf
8 - /r/2wp5
8 - /r/1szt
8 - /r/93e
8 - /r/2wxx
8 - /r/gn
8 - /r/1a21
8 - /r/2f4z
8 - /r/2tl6
8 - /r/20ls
8 - /r/1x4w
8 - /r/1rrg\xE0\xAE\x95\xE0\xAE\x9F\xE0\xAF\x8D\xE0\xAE\x9F\xE0\xAE\xB1\xE0\xAF\x8D\xE0\xAE\xB1
8 - /r/2y9e
8 - /r/2ynn
8 - /r/d8s
8 - /r/3h0
8 - /r/yde
8 - /r/hil
8 - /r/rsd
8 - /r/1j1u
8 - /r/h8s
8 - /r/h2d
8 - /r/2xjx
8 - /r/2v3x
8 - /r/2tz3
8 - /r/1gm7
8 - /r/15g
8 - /r/h2a
8 - /r/h2b
8 - /r/17w
8 - /r/274
8 - /r/ht
8 - /r/14yw
7 - /r/jyq
7 - /r/22j1
7 - /r/33s5
7 - /r/5u1
7 - /r/186l
7 - /r/2na0
7 - /r/1av1
7 - /r/3wo
7 - /r/3u8
7 - /r/34kj
7 - /r/28x
7 - /r/1wqv
7 - /r/255
7 - /r/yc
7 - /r/1eyn
7 - /r/djl
7 - /r/33ed
7 - /r/28mm
7 - /r/2rbh
7 - /r/w1t
7 - /r/1a7
7 - /r/gg
7 - /r/22us
7 - /r/5qb
7 - /r/2eos
7 - /r/1pph
7 - /r/1vz0
7 - /r/2xjj
7 - /r/z2o
7 - /r/1ie4
7 - /r/1jes
7 - /r/1hj8
7 - /r/kpo
7 - /r/ic2
7 - /r/2gbp
7 - /r/z34
7 - /r/19kp
7 - /r/19ax
7 - /r/t99
7 - /r/1ara
7 - /r/xt
7 - /r/1r0
7 - /r/1zcn
7 - /r/1ywq
7 - /r/yj8
7 - /r/25fo
7 - /r/2fj8
7 - /r/2715
7 - /r/1yar
7 - /r/ks5
7 - /r/7en
7 - /r/wim
7 - /r/2s99
7 - /r/p9c
7 - /r/272
7 - /r/vz2
7 - /r/1cvo
7 - /r/2in
7 - /r/xln
6 - /r/319g
6 - /r/5c8
6 - /r/8ld
6 - /r/1m3c
6 - /r/2krw
6 - /r/1gcu
6 - /r/v66
6 - /r/2e47
6 - /r/2qh7
6 - /r/1j96
6 - /r/1gz8
6 - /r/2nvm
6 - /r/26zg
6 - /r/teb
6 - /r/1mmq
6 - /r/1vkl
6 - /r/1i4h
6 - /r/f0r
6 - /r/14k2
6 - /r/2jl9
6 - /r/1vb
6 - /r/13wu
6 - /r/13i8
6 - /r/9ve
6 - /r/2sz
6 - /r/2boe
6 - /r/4pv
6 - /r/d7k
6 - /r/2fpl
6 - /r/h2c
6 - /r/2ta7
6 - /r/22c
6 - /r/1345
6 - /r/1zhj
6 - /r/2vcm
6 - /r/2yyc
6 - /r/2yh5
6 - /r/27mt
6 - /r/hii
6 - /r/2wr
6 - /r/1sqc
6 - /r/2gdy
6 - /r/3qb\xE0\xAE\x95\xE0\xAE\x9F\xE0\xAF\x8D\xE0\xAE\x9F\xE0\xAE\xB1\xE0\xAF\x8D\xE0\xAE\xB1
6 - /r/7pz
6 - /r/1br
6 - /r/2r8k
6 - /r/gk4
6 - /r/h2e
6 - /r/hxd
6 - /r/1nm3
6 - /r/9yz
6 - /r/1lh7
6 - /r/o1c
6 - /r/17v
6 - /r/44u
6 - /r/1g76
6 - /r/1ymr
6 - /r/26hx
6 - /r/2fd\xE0\xAE\x95\xE0\xAE\x9F\xE0\xAF\x8D\xE0\xAE\x9F\xE0\xAE\xB1\xE0\xAF\x8D\xE0\xAE\xB1
6 - /r/yt
6 - /r/1ql
5 - /r/e4r
5 - /r/t8l
5 - /r/3y7???????
5 - /r/1jro
5 - /r/hn2
5 - /r/34eb
5 - /r/14wj
5 - /r/ou0
5 - /r/44o
5 - /r/gip
5 - /r/1emk
5 - /r/tkc
5 - /r/2sr0
5 - /r/2all
5 - /r/2bu0
5 - /r/1256
5 - /r/urm
5 - /r/15m
5 - /r/9
5 - /r/1rab
5 - /r/obv
5 - /r/1am
5 - /r/yxx
5 - /r/2pjj
5 - /r/1r2
5 - /r/2x9
5 - /r/2n4m
5 - /r/1b1x
5 - /r/9y7
5 - /r/szi
5 - /r/2l7d
5 - /r/314s
5 - /r/3t8
5 - /r/bmu\xE0\xAE\x95\xE0\xAE\x9F\xE0\xAF\x8D\xE0\xAE\x9F\xE0\xAE\xB1\xE0\xAF\x8D\xE0\xAE\xB1
5 - /r/2gk8
5 - /r/25j5
5 - /r/r60
5 - /r/2fd%E0%AE%95%E0%AE%9F%E0%AF%8D%E0%AE%9F%E0%AE%B1%E0%AF%8D%E0%AE%B1
5 - /r/
5 - /r/dx1
5 - /r/1901
5 - /r/dti
5 - /r/1634
5 - /r/30gi
5 - /r/3e6
5 - /r/qlw
5 - /r/1uz
5 - /r/7x4
5 - /r/1f1c
5 - /r/1zv5
5 - /r/25l7
5 - /r/2v65
5 - /r/s9c
5 - /r/2xr5
5 - /r/2pyf
5 - /r/i50
5 - /r/jai\xE0\xAE\x95\xE0\xAE\x9F\xE0\xAF\x8D\xE0\xAE\x9F\xE0\xAE\xB1\xE0\xAF\x8D\xE0\xAE\xB1
5 - /r/ktk
5 - /r/39n
5 - /r/2q7i
5 - /r/qqo
5 - /r/8ad
5 - /r/2rl3
5 - /r/554
5 - /r/1nc8
5 - /r/7yr
5 - /r/akd
5 - /r/voq
5 - /r/2tk9
5 - /r/y3l
5 - /r/1np5
5 - /r/2v42
5 - /r/h2f
5 - /r/w1o
5 - /r/2tx
5 - /r/7kc
5 - /r/1u8
5 - /r/2jfr
5 - /r/1g5y
5 - /r/1nfh
5 - /r/2ygy
5 - /r/2sxy
5 - /r/15fj\xE0\xAE\x95\xE0\xAE\x9F\xE0\xAF\x8D\xE0\xAE\x9F\xE0\xAE\xB1\xE0\xAF\x8D\xE0\xAE\xB1\xE0\xAE\x95\xE0\xAE\xB2\xE0\xAF\x88\xE0\xAE\x95\xE0\xAF\x8D\xE0\xAE\x95\xE0\xAE\xB3\xE0\xAE\x9E\xE0\xAF\x8D\xE0\xAE\x9A\xE0\xAE\xBF\xE0\xAE\xAF\xE0\xAE\xAE\xE0\xAE\xBE\xE0\xAE\xA9
5 - /r/8qd
5 - /r/2zm4
5 - /r/1y34
5 - /r/40d
5 - /r/3s2
5 - /r/8i4
5 - /r/2apc
5 - /r/ai6
5 - /r/5tv
5 - /r/2x3
5 - /r/13c7
5 - /r/15p
4 - /r/15ip
4 - /r/3w6
4 - /r/1st5
4 - /r/270
4 - /r/keh
4 - /r/b9f
4 - /r/1eu2
4 - /r/y1j
4 - /r/wa2
4 - /r/gvn
4 - /r/bxu
4 - /r/rii
4 - /r/1ve8
4 - /r/xcx
4 - /r/1hxy
4 - /r/25o
4 - /r/3if
4 - /r/5ih
4 - /r/15th
4 - /r/1itt
4 - /r/gj
4 - /r/4xd
4 - /r/2x5c
4 - /r/hg
4 - /r/2lyx
4 - /r/1yvs
4 - /r/220k
4 - /r/3zv
4 - /r/5n5
4 - /r/26h0
4 - /r/2uen
4 - /r/2x6z
4 - /r/2l18
4 - /r/17r1
4 - /r/14ns
4 - /r/bmn
4 - /r/1kgl
4 - /r/1e6w
4 - /r/2ukw
4 - /r/1fh1
4 - /r/2557
4 - /r/q8n
4 - /r/235i
4 - /r/924
4 - /r/46t
4 - /r/4cx
4 - /r/t6y
4 - /r/5of
4 - /r/1gyo
4 - /r/45m
4 - /r/rud
4 - /r/q4h\xE0\xAE\x95\xE0\xAE\x9F\xE0\xAF\x8D\xE0\xAE\x9F\xE0\xAE\xB1\xE0\xAF\x8D\xE0\xAE\xB1
4 - /r/3hd
4 - /r/4fe
4 - /r/qkg
4 - /r/1t4r
4 - /r/31cd
4 - /r/3hg
4 - /r/15fh
4 - /r/9i1
4 - /r/1x7t
4 - /r/26v7
4 - /r/r83
4 - /r/1d5l
4 - /r/2h0c
4 - /r/32l0
4 - /r/20mk
4 - /r/f8c
4 - /r/34zi
4 - /r/2wlr
4 - /r/1hwf
4 - /r/5n6
4 - /r/ts0
4 - /r/afh
4 - /r/ied
4 - /r/6b7
4 - /r/yc5\xE0\xAE\x95\xE0\xAE\x9F\xE0\xAF\x8D\xE0\xAE\x9F\xE0\xAE\xB1\xE0\xAF\x8D\xE0\xAE\xB1
4 - /r/1gh6
4 - /r/15bk
4 - /r/2wti
4 - /r/3352
4 - /r/gls
4 - /r/td0
4 - /r/2at
4 - /r/2rvn
4 - /r/4zr
4 - /r/2l61
4 - /r/c0m\xE0\xAE\x95\xE0\xAE\x9F\xE0\xAF\x8D\xE0\xAE\x9F\xE0\xAE\xB1\xE0\xAF\x8D\xE0\xAE\xB1
4 - /r/17p0
4 - /r/1r1
4 - /r/8jn
4 - /r/23dp
4 - /r/34g3
3 - /r/jrw
3 - /r/ylx
3 - /r/ld5
3 - /r/1ra
3 - /r/1obm
3 - /r/1fne
3 - /r/1ncc
3 - /r/1sk8
3 - /r/fnk
3 - /r/1jta
3 - /r/1zk1
3 - /r/k0x
3 - /r/958
3 - /r/6ae
3 - /r/1zhp
3 - /r/331w
3 - /r/4ff
3 - /r/mw4
3 - /r/13b1
3 - /r/2wa1
3 - /r/1clg
3 - /r/eyx
3 - /r/1myg
3 - /r/13dh
3 - /r/5xm
3 - /r/1irz
3 - /r/nwm
3 - /r/xz6
3 - /r/11nm
3 - /r/fxb
3 - /r/2p43
3 - /r/iqg
3 - /r/2hov
3 - /r/2mow
3 - /r/htn
3 - /r/106
3 - /r/2x10
3 - /r/24t
3 - /r/rv7
3 - /r/h2k
3 - /r/2yth
3 - /r/32z2
3 - /r/3jo
3 - /r/6cw
3 - /r/2kz7
3 - /r/2k1r
3 - /r/kty
3 - /r/bu2
3 - /r/132w
3 - /r/3s0
3 - /r/2sx
3 - /r/5n8
3 - /r/2050
3 - /r/ruq
3 - /r/yt0
3 - /r/yo
3 - /r/26ih
3 - /r/13wh
3 - /r/19bf
3 - /r/1ynx
3 - /r/25s\xE0\xAE\x95\xE0\xAE\x9F\xE0\xAF\x8D\xE0\xAE\x9F\xE0\xAE\xB1\xE0\xAF\x8D\xE0\xAE\xB1
3 - /r/2vdy
3 - /r/zh7
3 - /r/4fl
3 - /r/1dmo
3 - /r/3ld
3 - /r/8ku
3 - /r/1gou
3 - /r/7sh
3 - /r/m4h
3 - /r/1ijr
3 - /r/qmi
3 - /r/dyz
3 - /r/vw5
3 - /r/oyn
3 - /r/4i5
3 - /r/6qf
3 - /r/52u
3 - /r/ti8
3 - /r/1jnl
3 - /r/ftb
3 - /r/40w
3 - /r/1ova
3 - /r/w2q
3 - /r/hxd)
3 - /r/m8a
3 - /r/3vs
3 - /r/19c
3 - /r/2ryu
3 - /r/12mx
3 - /r/131g
3 - /r/cbw
3 - /r/1cua
3 - /r/17g5
3 - /r/4vf
3 - /r/1fib
3 - /r/9yy
3 - /r/3y9
3 - /r/220x\xE0\xAE\x95\xE0\xAE\x9F\xE0\xAF\x8D\xE0\xAE\x9F\xE0\xAE\xB1\xE0\xAF\x8D\xE0\xAE\xB1
3 - /r/28j
3 - /r/2ua3
3 - /r/2030
3 - /r/2bg9
3 - /r/gxp
3 - /r/2olt
3 - /r/ccv
3 - /r/bg8
3 - /r/1dmu
3 - /r/1hko
3 - /r/1m1w
3 - /r/12zh
3 - /r/sgp
3 - /r/2wo6
3 - /r/de1
3 - /r/1ygr
3 - /r/16sx
3 - /r/14l
3 - /r/kt3
3 - /r/8mx
3 - /r/2dzn
3 - /r/ydh
3 - /r/1hwi
3 - /r/34xz
3 - /r/2xfs
3 - /r/2r1f
3 - /r/2100
3 - /r/2d32
3 - /r/358w
3 - /r/1567
3 - /r/9um
3 - /r/7rv
3 - /r/661
3 - /r/1equ
3 - /r/jb1
3 - /r/14ux
3 - /r/2f6
3 - /r/279d
3 - /r/2rd4
3 - /r/4hb
3 - /r/1okw
3 - /r/zh5
3 - /r/rgf
3 - /r/1jiz
3 - /r/117u
3 - /r/2omh
3 - /r/3bt
3 - /r/1awl
3 - /r/1mgu
3 - /r/ff8
3 - /r/vda
3 - /r/h1
3 - /r/34p8
3 - /r/nqt
3 - /r/4fw
3 - /r/52e
3 - /r/5j1
3 - /r/3364
3 - /r/11hd
3 - /r/1lk1
3 - /r/1e1q
3 - /r/4i7
3 - /r/2uu2
3 - /r/2tv
3 - /r/1n16
3 - /r/264h
3 - /r/2on5
3 - /r/1cuu
3 - /r/1gka
3 - /r/1bg
3 - /r/dt1
3 - /r/1ay
3 - /r/2x99
3 - /r/17hg
3 - /r/1egu
3 - /r/ga1
3 - /r/2sna
3 - /r/1z2g
3 - /r/ry2
3 - /r/27zw
3 - /r/vw8
3 - /r/33bs
3 - /r/2vwv
3 - /r/2yn9
3 - /r/3lo
3 - /r/ehd
3 - /r/q2f
3 - /r/6pp
3 - /r/npm
3 - /r/1dmq
3 - /r/652
3 - /r/13vs
3 - /r/3jt
3 - /r/1l3n
3 - /r/2243
3 - /r/qbz
2 - /r/4ao
2 - /r/xqh
2 - /r/1jip
2 - /r/oz9
2 - /r/2104
2 - /r/2ihc
2 - /r/2w27
2 - /r/57p
2 - /r/18bu
2 - /r/2nh7
2 - /r/3ju
2 - /r/gk
2 - /r/ccv%E0%AE%95%E0%AE%9F%E0%AF%8D%E0%AE%9F%E0%AE%B1%E0%AF%8D%E0%AE%B1
2 - /r/vqe
2 - /r/2eao
2 - /r/kxq
2 - /r/1ppt
2 - /r/2bdh
2 - /r/1362
2 - /r/12qu
2 - /r/oaz
2 - /r/1n13
2 - /r/1x51
2 - /r/sz7
2 - /r/1n0d
2 - /r/2cyp
2 - /r/13r5
2 - /r/13ov
2 - /r/16b6
2 - /r/2xm8
2 - /r/1tgm
2 - /r/tei
2 - /r/gmq
2 - /r/1gc9
2 - /r/14mr
2 - /r/erq
2 - /r/290u
2 - /r/1e2
2 - /r/295
2 - /r/5cw
2 - /r/16l
2 - /r/17g
2 - /r/3qb%E0%AE%95%E0%AE%9F%E0%AF%8D%E0%AE%9F%E0%AE%B1%E0%AF%8D%E0%AE%B1
2 - /r/2w7y
2 - /r/ygz
2 - /r/15k
2 - /r/1k61
2 - /r/2rbx
2 - /r/1476
2 - /r/e7c
2 - /r/3298
2 - /r/1qyr
2 - /r/gbb
2 - /r/2w8o
2 - /r/104d
2 - /r/j0n
2 - /r/5l1
2 - /r/20lc
2 - /r/26iu
2 - /r/dsy
2 - /r/zbb
2 - /r/2g79
2 - /r/kmg
2 - /r/31xr
2 - /r/gim
2 - /r/4db
2 - /r/2prl
2 - /r/740
2 - /r/h27
2 - /r/ici
2 - /r/1do9
2 - /r/2uac
2 - /r/pmm
2 - /r/hte
2 - /r/2c6v
2 - /r/1gtt
2 - /r/i3j
2 - /r/20uf
2 - /r/c4p
2 - /r/gi9/
2 - /r/zzp
2 - /r/11lz
2 - /r/2wim
2 - /r/18lw
2 - /r/1edf
2 - /r/tuf
2 - /r/1xj0
2 - /r/2ge1
2 - /r/2u2s
2 - /r/o32
2 - /r/2ql
2 - /r/hri
2 - /r/282
2 - /r/1xvt
2 - /r/clb
2 - /r/1fzi
2 - /r/pes
2 - /r/2yqp
2 - /r/1mya
2 - /r/id2
2 - /r/1lc6
2 - /r/1gwz
2 - /r/185
2 - /r/1he7
2 - /r/2x9j
2 - /r/2y0h
2 - /r/3k4
2 - /r/2m1o
2 - /r/ufg
2 - /r/1ukb\xE0\xAE\x95\xE0\xAE\x9F\xE0\xAF\x8D\xE0\xAE\x9F\xE0\xAE\xB1\xE0\xAF\x8D\xE0\xAE\xB1
2 - /r/1g72
2 - /r/3cb
2 - /r/eao
2 - /r/48i
2 - /r/h2g
2 - /r/heq
2 - /r/2xem
2 - /r/203e
2 - /r/4gt
2 - /r/1kbt
2 - /r/xnx
2 - /r/hpy
2 - /r/42f
2 - /r/2hhb
2 - /r/756
2 - /r/1tlz
2 - /r/1zlj
2 - /r/5mv
2 - /r/1hdy
2 - /r/owy
2 - /r/1rx
2 - /r/1hv8
2 - /r/c6k
2 - /r/6rb
2 - /r/5n4
2 - /r/nbm
2 - /r/xmo
2 - /r/irz
2 - /r/msa
2 - /r/30ak
2 - /r/cv3
2 - /r/3a9
2 - /r/63l
2 - /r/1qr6
2 - /r/wrt
2 - /r/1kn2
2 - /r/hxy
2 - /r/2imj
2 - /r/znk
2 - /r/47p
2 - /r/1v7d
2 - /r/gxr
2 - /r/4de
2 - /r/3jt\xE0\xAE\x95\xE0\xAE\x9F\xE0\xAF\x8D\xE0\xAE\x9F\xE0\xAE\xB1\xE0\xAF\x8D\xE0\xAE\xB1
2 - /r/3d1
2 - /r/xie
2 - /r/3i7
2 - /r/wva
2 - /r/27y8
2 - /r/1h5f%E0%AE%95%E0%AE%9F%E0%AF%8D%E0%AE%9F%E0%AE%B1%E0%AF%8D%E0%AE%B1
2 - /r/10nr
2 - /r/354r
2 - /r/2f2e
2 - /r/10r7
2 - /r/2nuj
2 - /r/fe7
2 - /r/bmu???????
2 - /r/32oy
2 - /r/8zq
2 - /r/1x2a
2 - /r/34tm
2 - /r/hwu
2 - /r/fsn
2 - /r/4vz...paarunko
2 - /r/2947
2 - /r/1x50
2 - /r/1zgm
2 - /r/kog
2 - /r/1uuo
2 - /r/1msv
2 - /r/2gik
2 - /r/f8n
2 - /r/tj4
2 - /r/13u0
2 - /r/204c
2 - /r/1jzd
2 - /r/ymo
2 - /r/8m9
2 - /r/35gj
2 - /r/22le
2 - /r/4e9
2 - /r/30kb
2 - /r/160t
2 - /r/ht6
2 - /r/294
2 - /r/1lw6
2 - /r/q1a
2 - /r/33qv
2 - /r/8mf
2 - /r/bxy
2 - /r/26tq
2 - /r/dt4
2 - /r/woh
2 - /r/10n
2 - /r/15fj
2 - /r/2mj1
2 - /r/12d
2 - /r/22tw
2 - /r/2la5
2 - /r/2jjn
2 - /r/2sd
2 - /r/gm
2 - /r/1lqu
2 - /r/3b0
2 - /r/881
2 - /r/1j8a
2 - /r/vv6
2 - /r/ve0
2 - /r/28v
2 - /r/i0p
2 - /r/w8c\xE0\xAE\x95\xE0\xAE\x9F\xE0\xAF\x8D\xE0\xAE\x9F\xE0\xAE\xB1\xE0\xAF\x8D\xE0\xAE\xB1
2 - /r/2lp6
2 - /r/14rd
2 - /r/af5
2 - /r/2zrt
2 - /r/12l
2 - /r/12up
2 - /r/17u5
2 - /r/7we
2 - /r/314f
2 - /r/x7n
2 - /r/22s
2 - /r/1g26
2 - /r/13dc
2 - /r/9yn
2 - /r/cnc
2 - /r/j4r
2 - /r/15zg
2 - /r/sd6
2 - /r/g0e
2 - /r/ul3
2 - /r/1vxn
2 - /r/zyy
2 - /r/fvv
2 - /r/16a2
2 - /r/1nzr
2 - /r/1i07
2 - /r/8cc
2 - /r/7g4
2 - /r/307n
2 - /r/1jey
2 - /r/33xv
2 - /r/1ooj
2 - /r/1luq
2 - /r/12p
2 - /r/1rux
2 - /r/11e8
2 - /r/1eqr
2 - /r/19mn
2 - /r/vwk
2 - /r/204z
2 - /r/6rh
2 - /r/14j9
2 - /r/15f5
2 - /r/1v0
2 - /r/33l9
2 - /r/21t
2 - /r/3h3(kavithai)
2 - /r/cez
2 - /r/1fh8
2 - /r/157d
2 - /r/qge
2 - /r/226a
2 - /r/11b0
2 - /r/sfh
2 - /r/2217
2 - /r/1b00
2 - /r/oex
2 - /r/33x9
2 - /r/w9h
2 - /r/rsm
2 - /r/et4
2 - /r/9b3
2 - /r/8q4
2 - /r/kav
2 - /r/14tn
2 - /r/rkf
2 - /r/431
2 - /r/6sw
2 - /r/2grv
2 - /r/13v8
2 - /r/14d8
2 - /r/3pc
2 - /r/1ipc
2 - /r/ekn
2 - /r/25m
2 - /r/2kii
2 - /r/47i
2 - /r/3hl
2 - /r/3b8
2 - /r/2dy2
2 - /r/1zx6
2 - /r/xe
2 - /r/7ma
2 - /r/q4h
2 - /r/ihk
2 - /r/18jg
2 - /r/946
2 - /r/1how
2 - /r/1xul
2 - /r/nc0
2 - /r/2tps
2 - /r/2mli
2 - /r/1gef
2 - /r/1pp2
2 - /r/3ks
2 - /r/2qu
2 - /r/7ie
2 - /r/2cf
2 - /r/d89
2 - /r/1jyc
2 - /r/2o0v
2 - /r/4zk
2 - /r/2ggm
2 - /r/3b7
2 - /r/12n7
2 - /r/24aw\xE0\xAE\x95\xE0\xAE\x9F\xE0\xAF\x8D\xE0\xAE\x9F\xE0\xAE\xB1\xE0\xAF\x8D\xE0\xAE\xB1
2 - /r/v5o
2 - /r/2j29
2 - /r/5r7
2 - /r/2aa3
2 - /r/2ud7
2 - /r/hrj
2 - /r/479
2 - /r/3xw
2 - /r/ky8
2 - /r/gih
2 - /r/350y
2 - /r/3zi
2 - /r/2lbd
2 - /r/1g5x
2 - /r/y5w
2 - /r/1d36
2 - /r/2u2
2 - /r/25sh
2 - /r/2ldf
2 - /r/15fc
2 - /r/itl
2 - /r/7wy
2 - /r/y6
2 - /r/2ohu
2 - /r/1dk2
2 - /r/b4o
2 - /r/1576
2 - /r/oj1
2 - /r/1hz8
2 - /r/15it
2 - /r/2a0
2 - /r/zpv
2 - /r/21rr
2 - /r/1hxu
2 - /r/oat
2 - /r/nvc
2 - /r/1m87
2 - /r/1r85
2 - /r/hre
2 - /r/1qqo
2 - /r/hyh
2 - /r/1h4m
2 - /r/d7q
2 - /r/12ye
2 - /r/1cl5
2 - /r/3mv
2 - /r/1q34
2 - /r/exj
2 - /r/e1f
2 - /r/16dk
2 - /r/gx3\xE0\xAE\x95\xE0\xAE\x9F\xE0\xAF\x8D\xE0\xAE\x9F\xE0\xAE\xB1\xE0\xAF\x8D\xE0\xAE\xB1
2 - /r/12t8
2 - /r/1r4
2 - /r/189s
2 - /r/szy
2 - /r/1oba
2 - /r/14dg
2 - /r/34c8
2 - /r/1jgp
2 - /r/3jw
2 - /r/cga
2 - /r/cwk
2 - /r/1t1t
2 - /r/2xe1
2 - /r/14b3
2 - /r/sh0
2 - /r/1n96
2 - /r/34dk
2 - /r/iqy
2 - /r/2o8w
2 - /r/400
2 - /r/s7f
2 - /r/2yyd
2 - /r/agj
2 - /r/16d1
2 - /r/1l0v
1 - /r/zf1
1 - /r/1pb
1 - /r/57j
1 - /r/1qj5
1 - /r/9dt
1 - /r/31xw
1 - /r/1ef0
1 - /r/3ll
1 - /r/144n
1 - /r/1s3v
1 - /r/158
1 - /r/4dm
1 - /r/i5k
1 - /r/1ue7
1 - /r/8mr
1 - /r/1yg5
1 - /r/jwz
1 - /r/34nm
1 - /r/i9b
1 - /r/3xi
1 - /r/axg
1 - /r/5vo
1 - /r/1oov
1 - /r/34id
1 - /r/chu
1 - /r/19v4
1 - /r/3ms
1 - /r/1i2c
1 - /r/1ghu
1 - /r/1pio
1 - /r/23t
1 - /r/5jr
1 - /r/h46
1 - /r/2gat
1 - /r/2e04
1 - /r/3o0
1 - /r/34o7
1 - /r/34ow
1 - /r/18ff
1 - /r/1iyu
1 - /r/2aa6
1 - /r/6yf
1 - /r/c1f
1 - /r/8kf
1 - /r/19l
1 - /r/ku1
1 - /r/34un
1 - /r/2qgk
1 - /r/1we5
1 - /r/1nnw
1 - /r/2hoj
1 - /r/2lk1
1 - /r/1l52
1 - /r/b58
1 - /r/2z4h
1 - /r/1mk0
1 - /r/1mk
1 - /r/2riq
1 - /r/2ln1%E0%AE%95%E0%AE%9F%E0%AF%8D%E0%AE%9F%E0%AE%B1%E0%AF%8D%E0%AE%B1%20%E0%AE%95%E0%AE%B2%E0%AF%88%E0%AE%95%E0%AF%8D%E0%AE%95%E0%AE%B3%E0%AE%9E%E0%AF%8D%E0%AE%9A%E0%AE%BF%E0%AE%AF%E0%AE%AE%E0%AE%BE%E0%AE%A9%20%E0%AE%B5%E0%AE%BF%E0%AE%95%E0%AF%8D%E0%AE%95%E0%AE%BF%E0%AE%AA%E0%AF%8D%E0%AE%AA%E0%AF%80%E0%AE%9F%E0%AE%BF%E0%AE%AF%E0%AE%BE%E0%AE%B5%E0%AE%BF%E0%AE%B2%E0%AF%8D%20%E0%AE%87%E0%AE%B0%E0%AF%81%E0%AE%A8%E0%AF%8D%E0%AE%A4%E0%AF%81.%E0%AE%B5%E0%AE%BE%E0%AE%B4%E0%AF%88%E0%AE%B5%E0%AE%BE%E0%AE%B4%E0%AF%88%E0%AE%95%E0%AF%8D%E0%AE%95%E0%AF%81%E0%AE%B2%E0%AF%88%E0%AE%AF%E0%AF%81%E0%AE%9F%E0%AE%A9%E0%AF%8D%20%E0%AE%B5%E0%AE%BE%E0%AE%B4%E0%AF%88%20%E0%AE%AE%E0%AE%B0%E0%AE%AE%E0%AF%8D%E0%AE%89%E0%AE%AF%E0%AE%BF%E0%AE%B0%E0%AE%BF%E0%AE%AF%E0%AE%B2%E0%AF%8D%20%E0%AE%B5%E0%AE%95%E0%AF%88%E0%AE%AA%E0%AF%8D%E0%AE%AA%E0%AE%BE%E0%AE%9F%E0%AF%81%E0%AE%A4%E0%AE%BF%E0%AE%A3%E0%AF%88:(%E0%AE%87%E0%AE%B0%E0%AE%BE%E0%AE%9A%E0%AF%8D%E0%AE%9A%E0%AE%BF%E0%AE%AF%E0%AE%AE%E0%AF%8D)%E0%AE%A8%E0%AE%BF%E0%AE%B2%E0%AF%88%E0%AE%A4%E0%AF%8D%E0%AE%A4%E0%AE%BF%E0%AE%A3%E0%AF%88%E0%AE%95%E0%AF%81%E0%AE%9F%E0%AF%81%E0%AE%AE%E0%AF%8D%E0%AE%AA%E0%AE%AE%E0%AF%8D:Musaceae%E0%AE%AA%E0%AF%87%E0%AE%B0%E0%AE%BF%E0%AE%A9%E0%AE%AE%E0%AF%8D:%E0%AE%AE%E0%AE%BF%E0%AE%AF%E0%AF%81%E0%AE%9A%E0%AE%BE%20(Musa)
1 - /r/1d3
1 - /r/25cd
1 - /r/1ka3
1 - /r/34xr
1 - /r/32h5
1 - /r/34v4
1 - /r/158q
1 - /r/1ats
1 - /r/14dc
1 - /r/1fsp
1 - /r/2wuu
1 - /r/6cc
1 - /r/1zdf
1 - /r/1s13
1 - /r/1r14
1 - /r/2xt3
1 - /r/1s35
1 - /r/2gc4
1 - /r/a8p
1 - /r/zkg
1 - /r/1y7a
1 - /r/12lv
1 - /r/1zsb
1 - /r/2mzb
1 - /r/6d2
1 - /r/qjq
1 - /r/28mg
1 - /r/13mp
1 - /r/1lgg
1 - /r/244u
1 - /r/1iim
1 - /r/fe6
1 - /r/1h40
1 - /r/j66
1 - /r/19jy\xE0\xAE\x95\xE0\xAE\x9F\xE0\xAF\x8D\xE0\xAE\x9F\xE0\xAE\xB1\xE0\xAF\x8D\xE0\xAE\xB1
1 - /r/3l8
1 - /r/1tfr
1 - /r/bfl
1 - /r/hc
1 - /r/cqp
1 - /r/21p2
1 - /r/ygb
1 - /r/1i4t
1 - /r/3s9
1 - /r/416
1 - /r/u9c
1 - /r/jmb
1 - /r/1o6l
1 - /r/neq
1 - /r/3uk
1 - /r/7lz
1 - /r/lhmf
1 - /r/8pq
1 - /r/7rs
1 - /r/1xia
1 - /r/n1f
1 - /r/y8r
1 - /r/yl1
1 - /r/s7j
1 - /r/1mrt
1 - /r/2wv3
1 - /r/wno
1 - /r/6yr
1 - /r/19of
1 - /r/fyi
1 - /r/2vth
1 - /r/25dm
1 - /r/1aut
1 - /r/2176
1 - /r/21j6
1 - /r/hq5
1 - /r/23sm
1 - /r/lvj
1 - /r/28iy
1 - /r/6cq
1 - /r/162g
1 - /r/2rj0
1 - /r/zzv
1 - /r/10nq
1 - /r/219a
1 - /r/2ei2
1 - /r/2ngm
1 - /r/s7k
1 - /r/24rl
1 - /r/2f65
1 - /r/iod
1 - /r/wtc
1 - /r/gmd
1 - /r/1he2
1 - /r/1949
1 - /r/15nx
1 - /r/1jio
1 - /r/1a0f
1 - /r/2cyv
1 - /r/2gdq
1 - /r/2ysj
1 - /r/3m8
1 - /r/ig7
1 - /r/aag
1 - /r/3e5
1 - /r/fs9
1 - /r/2vs9
1 - /r/91g
1 - /r/22xv
1 - /r/1kgm
1 - /r/aea
1 - /r/16im
1 - /r/ady
1 - /r/227n
1 - /r/1v88
1 - /r/1xzb
1 - /r/ypy
1 - /r/2xpl
1 - /r/3jl
1 - /r/33il
1 - /r/82u
1 - /r/16ay
1 - /r/2v6w
1 - /r/23qn
1 - /r/1f27
1 - /r/2zq0
1 - /r/2r3k
1 - /r/2qsk
1 - /r/2vjh
1 - /r/19us
1 - /r/f5a
1 - /r/2ecw
1 - /r/27r
1 - /r/1hkb
1 - /r/8es
1 - /r/qev
1 - /r/1b2c
1 - /r/35bq
1 - /r/2cz0
1 - /r/182l
1 - /r/32mh
1 - /r/197
1 - /r/1nne
1 - /r/17ki
1 - /r/1gjl
1 - /r/51v
1 - /r/2nvo
1 - /r/358x
1 - /r/122n
1 - /r/35ci
1 - /r/16b
1 - /r/8pr
1 - /r/2gi8
1 - /r/33lq
1 - /r/fqw
1 - /r/19mw
1 - /r/mli
1 - /r/ir8
1 - /r/1kmc
1 - /r/kfj
1 - /r/yp7
1 - /r/9yl
1 - /r/3i7\xE0\xAE\x95\xE0\xAE\x9F\xE0\xAF\x8D\xE0\xAE\x9F\xE0\xAE\xB1\xE0\xAF\x8D\xE0\xAE\xB1
1 - /r/14gr
1 - /r/3ay
1 - /r/1jyy
1 - /r/1fnt
1 - /r/6ep
1 - /r/14aw
1 - /r/2b77
1 - /r/1ii9
1 - /r/1fjo
1 - /r/1fjw
1 - /r/1mku
1 - /r/kjv
1 - /r/h0s
1 - /r/114t
1 - /r/2xf4
1 - /r/2dyc
1 - /r/2eyh
1 - /r/33j1
1 - /r/voc
1 - /r/7xe
1 - /r/jt6
1 - /r/ax2
1 - /r/1ps8
1 - /r/2lwq
1 - /r/2ij
1 - /r/hn
1 - /r/5hz
1 - /r/gft
1 - /r/1tgt
1 - /r/sj8
1 - /r/kjg
1 - /r/1fhy
1 - /r/cu7
1 - /r/xvj
1 - /r/1s6
1 - /r/gi8
1 - /r/1sq5
1 - /r/7gh
1 - /r/j2f
1 - /r/u9f
1 - /r/18f1
1 - /r/1zf2
1 - /r/5gw
1 - /r/343b
1 - /r/13gr
1 - /r/4ml
1 - /r/1h08
1 - /r/ieg
1 - /r/hgd
1 - /r/1lwj
1 - /r/j46
1 - /r/347s
1 - /r/1i0e
1 - /r/1c02
1 - /r/10nm
1 - /r/1ukb%E0%AE%95%E0%AE%9F%E0%AF%8D%E0%AE%9F%E0%AE%B1%E0%AF%8D%E0%AE%B1
1 - /r/1jq
1 - /r/jhx
1 - /r/b1g
1 - /r/20dv
1 - /r/kec
1 - /r/3q5
1 - /r/3498
1 - /r/i55
1 - /r/kft
1 - /r/n9m
1 - /r/3x5
1 - /r/2k7o
1 - /r/349m
1 - /r/glv
1 - /r/1kt4
1 - /r/flx
1 - /r/1elv
1 - /r/30os
1 - /r/ye1
1 - /r/10n6
1 - /r/1xh2
1 - /r/25rv
1 - /r/1kru
1 - /r/34ti
1 - /r/qzj
1 - /r/34tj
1 - /r/23l
1 - /r/29l
1 - /r/2ez0
1 - /r/kfk
1 - /r/o3z
1 - /r/brd
1 - /r/2akl
1 - /r/1hcq
1 - /r/112w
1 - /r/24hl
1 - /r/14de
1 - /r/h8
1 - /r/1lc8
1 - /r/1dn7
1 - /r/k66
1 - /r/9b9
1 - /r/1no5
1 - /r/bvp
1 - /r/63p
1 - /r/2s5u
1 - /r/2etw
1 - /r/12b8
1 - /r/gqh
1 - /r/efn
1 - /r/1tzc
1 - /r/1wkp
1 - /r/14mc
1 - /r/1x1p
1 - /r/34vt
1 - /r/23sg
1 - /r/3f0
1 - /r/1lg9
1 - /r/2pji
1 - /r/8k9
1 - /r/s7i
1 - /r/655
1 - /r/kc7
1 - /r/1fik
1 - /r/1qwg
1 - /r/giw
1 - /r/1eu8
1 - /r/1eud
1 - /r/1x7l
1 - /r/5m3\xE0\xAE\x95\xE0\xAE\x9F\xE0\xAF\x8D\xE0\xAE\x9F\xE0\xAE\xB1\xE0\xAF\x8D\xE0\xAE\xB1
1 - /r/25st
1 - /r/9ww
1 - /r/1r0a
1 - /r/1v9t
1 - /r/1nji
1 - /r/12g6
1 - /r/yb
1 - /r/18at
1 - /r/2tn3
1 - /r/2x4e
1 - /r/2kvw
1 - /r/10kq
1 - /r/1029
1 - /r/1ebi
1 - /r/1grp
1 - /r/26qy
1 - /r/1ud7
1 - /r/riy
1 - /r/1qjf
1 - /r/vrm
1 - /r/4i2
1 - /r/1tpg
1 - /r/17wr
1 - /r/2044
1 - /r/18de
1 - /r/32vi
1 - /r/217w
1 - /r/11d9
1 - /r/gk2
1 - /r/1qfb
1 - /r/29wq
1 - /r/3y7\xE0\xAE\x95\xE0\xAE\x9F\xE0\xAF\x8D\xE0\xAE\x9F\xE0\xAE\xB1\xE0\xAF\x8D\xE0\xAE\xB1
1 - /r/xlo
1 - /r/iu4
1 - /r/1yqj
1 - /r/npd
1 - /r/13vh
1 - /r/40e
1 - /r/33d0
1 - /r/wls
1 - /r/1kqx
1 - /r/w2f
1 - /r/29x2
1 - /r/zv5
1 - /r/31xx
1 - /r/xy
1 - /r/1n3n
1 - /r/yql
1 - /r/dvi
1 - /r/1qqp
1 - /r/gw9
1 - /r/ff3
1 - /r/1u07
1 - /r/v8o
1 - /r/2x7
1 - /r/nz9
1 - /r/hi
1 - /r/1gwj
1 - /r/14b9
1 - /r/3jy
1 - /r/gl5
1 - /r/yn3
1 - /r/1fbd
1 - /r/25af
1 - /r/1wp1
1 - /r/1hk2
1 - /r/2wxu
1 - /r/2tpu
1 - /r/nkh
1 - /r/7nq
1 - /r/13vu
1 - /r/2xe
1 - /r/2v49
1 - /r/1nm9
1 - /r/jg0
1 - /r/6rd
1 - /r/j4i
1 - /r/m5r
1 - /r/1kq5
1 - /r/9qg
1 - /r/47j
1 - /r/58p
1 - /r/l1w
1 - /r/2e24
1 - /r/1ndy
1 - /r/gwg
1 - /r/jyx
1 - /r/hax
1 - /r/2rbq
1 - /r/nrs
1 - /r/2g31
1 - /r/gl
1 - /r/1eql
1 - /r/xfv
1 - /r/1g1h
1 - /r/hpv
1 - /r/1unm
1 - /r/ynu
1 - /r/6pg
1 - /r/rpj
1 - /r/2ga
1 - /r/1d0d
1 - /r/1uxi
1 - /r/2x48
1 - /r/4ae
1 - /r/2v8e
1 - /r/1lqr
1 - /r/va0
1 - /r/17f
1 - /r/17h
1 - /r/17i
1 - /r/11n
1 - /r/17j
1 - /r/17k
1 - /r/17l
1 - /r/1492
1 - /r/32nx
1 - /r/1bo
1 - /r/24tt
1 - /r/1q30
1 - /r/1q33
1 - /r/1lup
1 - /r/lcu
1 - /r/9jy
1 - /r/ezz
1 - /r/3p9
1 - /r/3jz
1 - /r/1cf
1 - /r/2cw3
1 - /r/o69
1 - /r/1crw
1 - /r/4fz
1 - /r/cvd
1 - /r/wm8
1 - /r/143q
1 - /r/2j53
1 - /r/32pb
1 - /r/zjp
1 - /r/2vq2
1 - /r/29pd
1 - /r/cey
1 - /r/9ku
1 - /r/45x
1 - /r/6qz
1 - /r/1%20d6f
1 - /r/k16
1 - /r/ufh
1 - /r/h5x
1 - /r/gf8
1 - /r/tez
1 - /r/24ju
1 - /r/eqz
1 - /r/2xwh
1 - /r/12xn
1 - /r/8no
1 - /r/24fx
1 - /r/Unassessed_India_articles/?rand=1331838084343
1 - /r/Unassessed_India_articles/?rand=1331838120675
1 - /r/Unassessed_India_articles/?rand=1331838182946
1 - /r/Unassessed_India_articles/?rand=1331838252301
1 - /r/Unassessed_India_articles/?rand=1331838327604
1 - /r/Unassessed_India_articles/?rand=1331838381115
1 - /r/Unassessed_India_articles/?rand=1331838442118
1 - /r/1hdc
1 - /r/18ag
1 - /r/kih
1 - /r/3j9
1 - /r/Unassessed_India_articles/?rand=
1 - /r/ded
1 - /r/2uqf
1 - /r/2h02
1 - /r/17gn
1 - /r/15hu
1 - /r/60g
1 - /r/107n
1 - /r/2qd6
1 - /r/2r6a
1 - /r/2e2k
1 - /r/266d
1 - /r/3213
1 - /r/3rm
1 - /r/fdn
1 - /r/fyn
1 - /r/z6z
1 - /r/1fy7
1 - /r/2e8
1 - /r/1b84
1 - /r/zj6
1 - /r/2l8r
1 - /r/2p1f
1 - /r/foz
1 - /r/2kx
1 - /r/8en
1 - /r/l5i
1 - /r/1wpz
1 - /r/218s
1 - /r/1328
1 - /r/2eve
1 - /r/1o4t
1 - /r/27vy
1 - /r/2nd2
1 - /r/1hv6
1 - /r/1yiy
1 - /r/30im
1 - /r/1abq
1 - /r/3mt
1 - /r/1a4
1 - /r/17gg
1 - /r/12zg
1 - /r/2ila
1 - /r/6nv
1 - /r/1qj9
1 - /r/2ew
1 - /r/21o2
1 - /r/25wc
1 - /r/lh8
1 - /r/2j4x
1 - /r/1o7s
1 - /r/1493
1 - /r/46p
1 - /r/1noq
1 - /r/1dbt
1 - /r/1kx1
1 - /r/1kaq
1 - /r/wv2
1 - /r/2r4d
1 - /r/2ja8
1 - /r/1ei6
1 - /r/2ia
1 - /r/g6
1 - /r/9is
1 - /r/1da1
1 - /r/1qj2
1 - /r/dcr
1 - /r/3kj
1 - /r/30b8
1 - /r/n8j
1 - /r/b3c
1 - /r/18k9
1 - /r/iha
1 - /r/24cg
1 - /r/1krv\xE0\xAE\x95\xE0\xAE\x9F\xE0\xAF\x8D\xE0\xAE\x9F\xE0\xAE\xB1\xE0\xAF\x8D\xE0\xAE\xB1
1 - /r/2l6n
1 - /r/5tl
1 - /r/4vh
1 - /r/2wdl
1 - /r/1un
1 - /r/1jvf
1 - /r/1zwr
1 - /r/1su
1 - /r/ail
1 - /r/zi2
1 - /r/1lqn
1 - /r/2gtb
1 - /r/d81
1 - /r/yej
1 - /r/13vt
1 - /r/20a5
1 - /r/i3z
1 - /r/22dv
1 - /r/1o6n
1 - /r/6pq
1 - /r/23ce
1 - /r/83h
1 - /r/6f1
1 - /r/1rlf
1 - /r/15p0
1 - /r/jj8
1 - /r/9vj
1 - /r/33oj
1 - /r/4pd
1 - /r/10q
1 - /r/2jvr
1 - /r/2maz
1 - /r/1ivg
1 - /r/190a
1 - /r/280n
1 - /r/n7b
1 - /r/1lv1
1 - /r/sv7
1 - /r/22x4
1 - /r/fjv
1 - /r/3b6
1 - /r/11lh
1 - /r/2g12
1 - /r/16l8
1 - /r/3cg
1 - /r/30u0
1 - /r/jja
1 - /r/8j8
1 - /r/w1n
1 - /r/tzs
1 - /r/8f1
1 - /r/327u
1 - /r/1zev
1 - /r/w2g
1 - /r/u9y
1 - /r/4yt
1 - /r/17b2
1 - /r/2on
1 - /r/32b2
1 - /r/2gqr
1 - /r/pbw
1 - /r/1p4q
1 - /r/wa2%E0%AE%95%E0%AE%9F%E0%AF%8D%E0%AE%9F%E0%AE%B1%E0%AF%8D%E0%AE%B1
1 - /r/2u5y
1 - /r/ye7
1 - /r/5l2
1 - /r/vex
1 - /r/1zy4
1 - /r/2mbk
1 - /r/15t
1 - /r/hcj
1 - /r/1o01
1 - /r/45w
1 - /r/j8d
1 - /r/31jl
1 - /r/2cji
1 - /r/2vuk
1 - /r/m8f
1 - /r/196u
1 - /r/33k4
1 - /r/1b7y
1 - /r/t4j
1 - /r/1ftx
1 - /r/h5g
1 - /r/1470
1 - /r/188o
1 - /r/285s
1 - /r/1xkz
1 - /r/gx5
1 - /r/1dqe
1 - /r/34eu
1 - /r/1h8t
1 - /r/1cli
1 - /r/34ex
1 - /r/1bzs
1 - /r/30w4
1 - /r/qdi
1 - /r/99x
1 - /r/34f4
1 - /r/1cc
1 - /r/2m3h
1 - /r/120c
1 - /r/2zqb
1 - /r/x3k
1 - /r/1ja
1 - /r/90j
1 - /r/2te
1 - /r/xjk
1 - /r/6rg
1 - /r/46u
1 - /r/10l0
1 - /r/1q2y
1 - /r/1rl2
1 - /r/c38
1 - /r/166t
1 - /r/htj
1 - /r/17pk
1 - /r/1wl6
1 - /r/3bc
1 - /r/f5f
1 - /r/12kz
1 - /r/25ol
1 - /r/2u6k
1 - /r/15e4
1 - /r/1t5a
1 - /r/1ldx
1 - /r/2e78
1 - /r/7m6
1 - /r/1nvh
1 - /r/2mlx
1 - /r/ggx
1 - /r/2uml
1 - /r/m91
1 - /r/gaa
1 - /r/1e26
1 - /r/14d7
1 - /r/14bf
1 - /r/2auu
1 - /r/2wmf
1 - /r/166i
1 - /r/2j9t
1 - /r/2l5c
1 - /r/2u4h
1 - /r/2p64
1 - /r/15fd
1 - /r/d3z
1 - /r/yq8
1 - /r/12wo
1 - /r/sfl
1 - /r/153u%E0%AE%95%E0%AE%9F%E0%AF%8D%E0%AE%9F%E0%AE%B1%E0%AF%8D%E0%AE%B1%20%E0%AE%95%E0%AE%B2%E0%AF%88%E0%AE%95%E0%AF%8D%E0%AE%95%E0%AE%B3%E0%AE%9E%E0%AF%8D%E0%AE%9A%E0%AE%BF%E0%AE%AF%E0%AE%AE%E0%AE%BE%E0%AE%A9%20%E0%AE%B5%E0%AE%BF%E0%AE%95%E0%AF%8D%E0%AE%95%E0%AE%BF%E0%AE%AA%E0%AF%8D%E0%AE%AA%E0%AF%80%E0%AE%9F%E0%AE%BF%E0%AE%AF%E0%AE%BE%E0%AE%B5%E0%AE%BF%E0%AE%B2%E0%AF%8D%20%E0%AE%87%E0%AE%B0%E0%AF%81%E0%AE%A8%E0%AF%8D%E0%AE%A4%E0%AF%81.%E0%AE%A4%E0%AE%BE%E0%AE%B5%E0%AE%BF%E0%AE%9A%E0%AF%8D%20%E0%AE%9A%E0%AF%86%E0%AE%B2%E0%AF%8D%E0%AE%B2%E0%AE%B5%E0%AF%81%E0%AE%AE%E0%AF%8D:%20%E0%AE%B5%E0%AE%B4%E0%AE%BF%E0%AE%9A%E0%AF%86%E0%AE%B2%E0%AF%81%E0%AE%A4%E0%AF%8D%E0%AE%A4%E0%AE%B2%E0%AF%8D,%20%E0%AE%A4%E0%AF%87%E0%AE%9F%E0%AE%B2%E0%AF%8D%E0%AE%AE%E0%AE%BF%E0%AE%A9%E0%AF%8D%E0%AE%A9%E0%AE%B2%E0%AE%9F%E0%AE%BF%E0%AE%A4%E0%AF%8D%20%E0%AE%A4%E0%AE%BE%E0%AE%95%E0%AF%8D%E0%AE%95%E0%AF%81%E0%AE%A4%E0%AE%B2%E0%AF%8D%20%E0%AE%8E%E0%AE%A9%E0%AF%8D%E0%AE%AA%E0%AE%A4%E0%AF%81%20%E0%AE%95%E0%AE%A9%E0%AE%B0%E0%AE%95%20%E0%AE%85%E0%AE%B2%E0%AF%8D%E0%AE%B2%E0%AE%A4%E0%AF%81%20%E0%AE%9A%E0%AE%BF%E0%AE%B1%E0%AE%AA%E0%AF%8D%E0%AE%AA%E0%AF%81%20%E0%AE%AA%E0%AE%9F%E0%AF%88%E0%AE%AF%E0%AE%A3%E0%AE%BF%E0%AE%95%E0%AE%B3%E0%AF%8D%20%E0%AE%8E%E0%AE%A4%E0%AE%BF%E0%AE%B0%E0%AE%BF%E0%AE%AF%E0%AE%BF%E0%AE%A9%E0%AF%8D%20%E0%AE%95%E0%AE%B3%E0%AE%AE%E0%AF%81%E0%AE%A9%E0%AF%88%20%E0%AE%AE%E0%AF%81%E0%AE%95%E0%AF%8D%E0%AE%95%E0%AE%BF%E0%AE%AF%20%E0%AE%9A%E0%AE%BF%E0%AE%B1%E0%AE%BF%E0%AE%AF%20%E0%AE%AA%E0%AE%BF%E0%AE%B0%E0%AE%BF%E0%AE%B5%E0%AF%8A%E0%AE%A9%E0%AF%8D%E0%AE%B1%E0%AE%BF%E0%AE%A9%E0%AF%8D%20%E0%AE%AE%E0%AF%80%E0%AE%A4%E0%AF%81%20%E0%AE%85%E0%AE%A4%E0%AE%BF%E0%AE%B5%E0%AF%87%E0%AE%95%E0%AE%AE%E0%AE%BE%E0%AE%A9%20%E0%AE%95%E0%AF%81%E0%AE%B5%E0%AE%BF%E0%AE%AF%E0%AE%AA%E0%AF%8D%E0%AE%AA%E0%AE%9F%E0%AF%81%E0%AE%A4%E0%AF%8D%E0%AE%A4%E0%AE%AA%E0%AF%8D%E0%AE%AA%E0%AE%9F%E0%AF%8D%E0%AE%9F%20%E0%AE%A4%E0%AF%8A%E0%AE%9F%E0%AE%B0%E0%AF%8D%20%E0%AE%A4%E0%AE%BE%E0%AE%95%E0%AF%8D%E0%AE%95%E0%AF%81%E0%AE%A4%E0%AE%B2%E0%AF%88%20%E0%AE%A8%E0%AE%9F%E0%AE%A4%E0%AF%8D%E0%AE%A4%E0%AE%BF,%20%E0%AE%8A%E0%AE%9F%E0%AE%B1%E0%AF%81%E0%AE%A4%E0%AF%8D%E0%AE%A4%E0%AF%81%20%E0%AE%92%E0%AE%B0%E0%AF%81%20%E0%AE%85%E0%AE%A9%E0%AF%81%E0%AE%95%E0%AF%82%E0%AE%B2%20%E0%AE%A8%E0%AE%BF%E0%AE%B2%E0%AF%88%E0%AE%AF%E0%AF%88%E0%AE%AA%E0%AF%8D%20%E0%AE%AA%E0%AF%86%E0%AE%B1%E0%AF%81%E0%AE%B5%E0%AE%A4%E0%AF%88%E0%AE%95%E0%AF%8D%20%E0%AE%95%E0%AF%81%E0%AE%B1%E0%AE%BF%E0%AE%95%E0%AF%8D%E0%AE%95%E0%AF%81%E0%AE%AE%E0%AF%8D.%20%E0%AE%AA%E0%AF%80%E0%AE%B0%E0%AE%99%E0%AF%8D%E0%AE%95%E0%AE%BF%20%E0%AE%A8%E0%AE%BF%E0%AE%B2%E0%AF%88%E0%AE%95%E0%AE%B3%E0%AF%8D,%20%E0%AE%95%E0%AE%9F%E0%AF%8D%E0%AE%9F%E0%AF%81%E0%AE%AA%E0%AF%8D%E0%AE%AA%E0%AE%BE%E0%AE%9F%E0%AF%8D%E0%AE%9F%E0%AF%81%20%E0%AE%A4%E0%AE%B3%E0%AE%99%E0%AF%8D%E0%AE%95%E0%AE%B3%E0%AF%8D,%20%E0%AE%B5%E0%AE%BE%E0%AE%A9%E0%AF%82%E0%AE%B0%E0%AF%8D%E0%AE%A4%E0%AE%BF%20%E0%AE%A4%E0%AE%B0%E0%AE%BF%E0%AE%AA%E0%AF%8D%E0%AE%AA%E0%AE%BF%E0%AE%9F%E0%AE%99%E0%AF%8D%E0%AE%95%E0%AE%B3%E0%AF%8D%20%E0%AE%AA%E0%AF%8B%E0%AE%A9%E0%AF%8D%E0%AE%B1%E0%AE%B5%E0%AF%88%20%E0%AE%AE%E0%AE%BF%E0%AE%A9%E0%AF%8D%E0%AE%A9%E0%AE%B2%E0%AE%9F%E0%AE%BF%E0%AE%A4%E0%AF%8D%20%E0%AE%A4%E0%AE%BE%E0%AE%95%E0%AF%8D%E0%AE%95%E0%AF%81%E0%AE%A4%E0%AE%B2%E0%AF%8D%20%E0%AE%87%E0%AE%B2%E0%AE%95%E0%AF%8D%E0%AE%95%E0%AF%81%E0%AE%95%E0%AE%B3%E0%AF%8D%20%E0%AE%86%E0%AE%95%E0%AF%81%E0%AE%AE%E0%AF%8D.%20%E0%AE%87%E0%AE%B5%E0%AF%8D%E0%AE%B5%E0%AE%95%E0%AF%88%E0%AE%A4%E0%AF%8D%20%E0%AE%A4%E0%AE%BE%E0%AE%95%E0%AF%8D%E0%AE%95%E0%AF%81%E0%AE%A4%E0%AE%B2%E0%AF%8D%E0%AE%95%E0%AE%B3%E0%AF%88%20%E0%AE%A8%E0%AE%BE%E0%AE%9A%E0%AE%BF%20%E0%AE%9C%E0%AF%87%E0%AE%B0%E0%AF%8D%E0%AE%AE%E0%AE%A9%E0%AE%BF%20%E0%AE%87%E0%AE%B0%E0%AE%A3%E0%AF%8D%E0%AE%9F%E0%AE%BE%E0%AE%AE%E0%AF%8D%20%E0%AE%89%E0%AE%B2%E0%AE%95%E0%AE%AA%E0%AF%8D%20%E0%AE%AA%E0%AF%8B%E0%AE%B0%E0%AE%BF%E0%AE%A9%E0%AF%8D%20%E0%AE%AA%E0%AF%8B%E0%AE%A4%E0%AF%81%20%E0%AE%AE%E0%AF%81%E0%AE%A4%E0%AE%B2%E0%AE%BF%E0%AE%B2%E0%AF%8D%20%E0%AE%AA%E0%AE%B0%E0%AE%B5%E0%AE%B2%E0%AE%BE%E0%AE%95%20%E0%AE%AA%E0%AE%AF%E0%AE%A9%E0%AF%8D%E0%AE%AA%E0%AE%9F%E0%AF%81%E0%AE%A4%E0%AF%8D%E0%AE%A4%E0%AE%BF%E0%AE%AF%E0%AE%A4%E0%AF%81.%20%E0%AE%9C%E0%AF%87%E0%AE%B0%E0%AF%8D%E0%AE%AE%E0%AE%A9%E0%AF%8D
1 - /r/1gbo
1 - /r/22cd
1 - /r/1u8b
1 - /r/1zqb
1 - /r/gwr
1 - /r/1fu0
1 - /r/2wri
1 - /r/2wnm
1 - /r/1jxt
1 - /r/297h
1 - /r/1obz
1 - /r/8ca
1 - /r/1dmr
1 - /r/1gen
1 - /r/27y
1 - /r/1jzb
1 - /r/29k
1 - /r/eiq
1 - /r/2gw
1 - /r/1sw8
1 - /r/34mc
1 - /r/India/
1 - /r/1w4m
1 - /r/1gry
1 - /r/2f7
1 - /r/sj3
1 - /r/18f7
1 - /r/2v9v
1 - /r/14at
1 - /r/7pg
1 - /r/1lvu
1 - /r/1lvv
1 - /r/1lvw
1 - /r/1lvy
1 - /r/14yt
1 - /r/14q7
1 - /r/ge2
1 - /r/qei
1 - /r/11tt
1 - /r/3vt
1 - /r/gz7
1 - /r/3yu
1 - /r/20x1
1 - /r/1abr
1 - /r/57h
1 - /r/22c6
1 - /r/7la
1 - /r/57i
1 - /r/1lhv
1 - /r/279
1 - /r/1rt6
1 - /r/241g
1 - /r/ok4
1 - /r/1tbj
1 - /r/345f
1 - /r/2ej9
1 - /r/22ny
1 - /r/b3z
1 - /r/1xz1
1 - /r/135p
1 - /r/4w2
1 - /r/2ac
1 - /r/13lb
1 - /r/563
1 - /r/9re
1 - /r/2vfe
1 - /r/14qo
1 - /r/1k66
1 - /r/33gf
1 - /r/5ga
1 - /r/2swx
1 - /r/hue
1 - /r/47l
1 - /r/1mvp
1 - /r/31v9
1 - /r/id
1 - /r/1lcv
1 - /r/oq5
1 - /r/205m
1 - /r/cxh
1 - /r/x4a
1 - /r/b8b
1 - /r/7nw
1 - /r/d8l
1 - /r/1zlv
1 - /r/2h61
1 - /r/1ndz
1 - /r/1c7i
1 - /r/33he
1 - /r/xyq
1 - /r/hh
1 - /r/6nr
1 - /r/24h0
1 - /r/zs1
1 - /r/65x
1 - /r/2lfq
1 - /r/2plk
1 - /r/1t99
1 - /r/a9u
1 - /r/mbi
1 - /r/2cxg
1 - /r/1rh5
1 - /r/ywb
1 - /r/a28
1 - /r/1fdf
1 - /r/22o
1 - /r/gdw
1 - /r/ljm
1 - /r/2n90
1 - /r/2ets
1 - /r/1gey
1 - /r/25f5
1 - /r/ige
1 - /r/1xnn
1 - /r/18p8
1 - /r/h0n
1 - /r/qup
1 - /r/1mn0
1 - /r/xj
1 - /r/10im
1 - /r/14ku
1 - /r/t2s
1 - /r/57x
1 - /r/1i9a
1 - /r/29ws
1 - /r/2eeu
1 - /r/1dvg
1 - /r/v
1 - /r/33td
1 - /r/fn4
1 - /r/1ox6
1 - /r/2nnu
1 - /r/plz
1 - /r/isk
1 - /r/ogt
1 - /r/z9y
1 - /r/1fkx
1 - /r/2jm9
1 - /r/2431
1 - /r/iev
1 - /r/g8r
1 - /r/3a2\xE0\xAE\x95\xE0\xAE\x9F\xE0\xAF\x8D\xE0\xAE\x9F\xE0\xAE\xB1\xE0\xAF\x8D\xE0\xAE\xB1
1 - /r/7ec
1 - /r/2z3x
1 - /r/o43
1 - /r/r3e
1 - /r/19ih
1 - /r/8re
1 - /r/o5q
1 - /r/2m43
1 - /r/1bg7
1 - /r/5pu
1 - /r/9en
1 - /r/2rx3
1 - /r/1d18
1 - /r/hry
1 - /r/2890
1 - /r/24jp
1 - /r/jy9
1 - /r/tec
1 - /r/3qa
1 - /r/27hx
1 - /r/2lgh
1 - /r/3xa
1 - /r/g1a
1 - /r/ipe
1 - /r/15yx
1 - /r/ukd
1 - /r/sgn
1 - /r/1ypa
1 - /r/30tz
1 - /r/1b7i
1 - /r/zqi
1 - /r/46s
1 - /r/g48
1 - /r/2b7k
1 - /r/k4o
1 - /r/230
1 - /r/9p8
1 - /r/32zb
1 - /r/2pi3
1 - /r/j6n
1 - /r/2pjk
1 - /r/24zv
1 - /r/2nw
1 - /r/xot
1 - /r/2zju
1 - /r/2pi4
1 - /r/m8w
1 - /r/334j
1 - /r/hly
1 - /r/b5k
1 - /r/32ya
1 - /r/%20Ivu
1 - /r/172c
1 - /r/1zfv
1 - /r/22zw
1 - /r/wz3
1 - /r/8pu
1 - /r/12bo
1 - /r/1w3a
1 - /r/1ar
1 - /r/1skd
1 - /r/d4h
1 - /r/2vrv
1 - /r/'
1 - /r/gov
1 - /r/gbw
1 - /r/10t1
1 - /r/1uq
1 - /r/2wzi
1 - /r/2yfx
1 - /r/18gj
1 - /r/1bzr
1 - /r/1jzf
1 - /r/2zfb
1 - /r/150x
1 - /r/21fr
1 - /r/1i6o
1 - /r/1wjl
1 - /r/usd
1 - /r/ayr
1 - /r/85n
1 - /r/hwf
1 - /r/gha
1 - /r/o33
1 - /r/26v5
1 - /r/326g
1 - /r/1la6
1 - /r/2e00
1 - /r/2sq
1 - /r/2k9b
1 - /r/rw0
1 - /r/18so
1 - /r/44z
1 - /r/23w9
1 - /r/w8c
1 - /r/1kuz
1 - /r/2ipb
1 - /r/pei
1 - /r/2u9e
1 - /r/1yoa
1 - /r/2ncv
1 - /r/4xu
1 - /r/17qj
1 - /r/snx
1 - /r/1z25
1 - /r/am4
1 - /r/353l
1 - /r/1erf
1 - /r/kkx
1 - /r/xoh%7CHERE
1 - /r/1d5s
1 - /r/1kgd
1 - /r/w9k
1 - /r/2k02
1 - /r/1i4a
1 - /r/12hy
1 - /r/7oj
1 - /r/1kbn
1 - /r/1tx0
1 - /r/878
1 - /r/81n]
1 - /r/2p6b
1 - /r/69j
1 - /r/14cm
1 - /r/fhh
1 - /r/28a
1 - /r/1y0m
1 - /r/5z1
1 - /r/tdw
1 - /r/1r73
1 - /r/33b8
1 - /r/4fm
1 - /r/32rf
1 - /r/1rt8
1 - /r/1ulc
1 - /r/jrt
1 - /r/14y7
1 - /r/8oh
1 - /r/zwn
1 - /r/1gk0
1 - /r/33a7
1 - /r/1ycn
1 - /r/1c74
1 - /r/6ra
1 - /r/6qx
1 - /r/9ya
1 - /r/15wn
1 - /r/6po
1 - /r/4mm
1 - /r/1s4
1 - /r/j3t
1 - /r/k60
1 - /r/2tsj
1 - /r/24e
1 - /r/1y04
1 - /r/16ez
1 - /r/1pr3
1 - /r/2t0x
1 - /r/120u
1 - /r/221q
1 - /r/w1h
1 - /r/2l4p
1 - /r/2uss
1 - /r/cml
1 - /r/341y
1 - /r/yqp
1 - /r/1keb
1 - /r/cyx
1 - /r/2bjw
1 - /r/7ds
1 - /r/qzy
1 - /r/168u
1 - /r/239e
1 - /r/2qli
1 - /r/47w
1 - /r/msi
1 - /r/2b7
1 - /r/gfk
1 - /r/2fut
1 - /r/15b
1 - /r/y9
1 - /r/v2z
1 - /r/16ly
1 - /r/1xvq
1 - /r/pji
1 - /r/29wu
1 - /r/ejt
1 - /r/3p3
1 - /r/1prk
1 - /r/2jm
1 - /r/ia0
1 - /r/6d0
1 - /r/gqv
1 - /r/31cr
1 - /r/1lqh
1 - /r/1j1w
1 - /r/1vu8
1 - /r/2q3
1 - /r/u5n
1 - /r/fvu
1 - /r/w3w
1 - /r/1ry
1 - /r/2li
1 - /r/4en
1 - /r/eru
1 - /r/7iq
1 - /r/2ndr
1 - /r/10wn
1 - /r/21rv
1 - /r/f2l
1 - /r/1ahf
1 - /r/29wj
1 - /r/1sp4
1 - /r/1ln5
1 - /r/7xy
1 - /r/2j49
1 - /r/1ehz
1 - /r/24zf
1 - /r/1iii
1 - /r/d93
1 - /r/1n15
1 - /r/tud
1 - /r/1kee
1 - /r/ggj
1 - /r/33gy
1 - /r/1sdo
1 - /r/2d67
1 - /r/12uk
1 - /r/1356
1 - /r/4vs
1 - /r/99r
1 - /r/23m4
1 - /r/mv9
1 - /r/26uy
1 - /r/3g5\xE0\xAE\x95\xE0\xAE\x9F\xE0\xAF\x8D\xE0\xAE\x9F\xE0\xAE\xB1\xE0\xAF\x8D\xE0\xAE\xB1
1 - /r/23eb
1 - /r/2887
1 - /r/27k6
1 - /r/1gbp
1 - /r/z64
1 - /r/cu4
1 - /r/1ym9
1 - /r/1ew3
1 - /r/2l19
1 - /r/5t4
1 - /r/4aj
1 - /r/409
1 - /r/ftq
1 - /r/6zs
1 - /r/1uvw
1 - /r/2vr0
1 - /r/bev
1 - /r/1j8c
1 - /r/xfp
1 - /r/35aj
1 - /r/2gph
1 - /r/34p3
1 - /r/2zg0
1 - /r/2pp6
1 - /r/1e7r
1 - /r/17xo
1 - /r/1w7p
1 - /r/2ad9
1 - /r/34y7
1 - /r/a65
1 - /r/1v0n
1 - /r/hr9
1 - /r/3vb
1 - /r/14b1
1 - /r/c0m
1 - /r/4d6
1 - /r/2ize%E0%AE%95%E0%AE%9F%E0%AF%8D%E0%AE%9F%E0%AE%B1%E0%AF%8D%E0%AE%B1
1 - /r/1hcr
1 - /r/3w5
1 - /r/22e9
1 - /r/5ct
1 - /r/2g9f
1 - /r/2y1s
1 - /r/16kh
1 - /r/4zd
1 - /r/bzm
1 - /r/p7d
1 - /r/1l8r
1 - /r/1v7
1 - /r/2312
1 - /r/gtw
1 - /r/kan
1 - /r/34k4
1 - /r/1bth
1 - /r/24ns
1 - /r/yv0
1 - /r/h0
1 - /r/g98
1 - /r/2cqd
1 - /r/2lm5
1 - /r/m9p
1 - /r/1495%20http://tawp.in/r/4an
1 - /r/2dg1
1 - /r/2sk
1 - /r/557
1 - /r/57f
1 - /r/18gx
1 - /r/4va
1 - /r/25f
1 - /r/2t2s
1 - /r/2e8g
1 - /r/a4q
1 - /r/6cb
1 - /r/h2h
1 - /r/1o6m
1 - /r/2kba
1 - /r/yk
1 - /r/w02
1 - /r/i57
1 - /r/tj
1 - /r/103v
1 - /r/bdm
1 - /r/12ng
1 - /r/ney
1 - /r/v5f
1 - /r/1x2c
1 - /r/2941
1 - /r/1ov8
1 - /r/1yxc
1 - /r/2pus
1 - /r/2mf2
1 - /r/63o
1 - /r/175b
1 - /r/1y9o
1 - /r/29wo
1 - /r/2zdg
1 - /r/2ize
1 - /r/30d4
1 - /r/h3v
1 - /r/1jex
1 - /r/2ul5
1 - /r/wmp
1 - /r/z9l
1 - /r/2ngg
1 - /r/1ho2
1 - /r/j8k
1 - /r/7b0
1 - /r/k2f
1 - /r/1gxn
1 - /r/32vy
1 - /r/f4o
1 - /r/141
1 - /r/1vbb
1 - /r/3f5
1 - /r/2o49
1 - /r/1j6z
1 - /r/207n
1 - /r/2pzz
1 - /r/3nz
1 - /r/2fk1
1 - /r/1bl5
1 - /r/2ly2
1 - /r/35gm
1 - /r/33q7
1 - /r/1d9z
1 - /r/nej
1 - /r/hxn
1 - /r/11ja
1 - /r/2f1v
1 - /r/bm5
1 - /r/2g4m
1 - /r/2rup
1 - /r/4bc
1 - /r/22qj
1 - /r/9g4
1 - /r/6h2
1 - /r/b28
1 - /r/bsy
1 - /r/1ikz
1 - /r/hai
1 - /r/1wt1
1 - /r/x1g
1 - /r/33qt
1 - /r/2m64
1 - /r/25t5
1 - /r/1vgq
1 - /r/rwn
1 - /r/32od
1 - /r/2w4j
1 - /r/aku
1 - /r/h65
1 - /r/xnl
1 - /r/2pfn
1 - /r/4bq
1 - /r/2qeo
1 - /r/avl
1 - /r/176p
1 - /r/2puq
1 - /r/1le7
1 - /r/25yo
1 - /r/u36
1 - /r/2ftz
1 - /r/16qj
1 - /r/1dmw
1 - /r/1lw9
1 - /r/3ya
1 - /r/27ha
1 - /r/itn
1 - /r/x9x
1 - /r/1j4f
1 - /r/48h
1 - /r/14ui
1 - /r/xag
1 - /r/ig1
1 - /r/1s1
1 - /r/1dmi
1 - /r/c02
1 - /r/2zha
1 - /r/i8
1 - /r/9wc
1 - /r/1y1w
1 - /r/f8i
1 - /r/246j
1 - /r/5mj
1 - /r/34ka
1 - /r/1xxd
1 - /r/a0g
1 - /r/bhi
1 - /r/2wgw
1 - /r/kh5
1 - /r/5x2
1 - /r/7nz
1 - /r/pi1
1 - /r/153j
1 - /r/31uo
1 - /r/2wrn
1 - /r/15o3
1 - /r/g91
1 - /r/1rw6
1 - /r/15hk
1 - /r/11m4
1 - /r/4fr
1 - /r/1bqi
1 - /r/8cf
1 - /r/120o
1 - /r/7jr
1 - /r/x5r
1 - /r/3os
1 - /r/2uxy
1 - /r/2e7j
1 - /r/13x1
1 - /r/2uqw
1 - /r/139y
1 - /r/2vud
1 - /r/jyh
1 - /r/hh8
1 - /r/2nnr
1 - /r/nxh
1 - /r/1i79
1 - /r/223m
1 - /r/uso
1 - /r/83e
1 - /r/1oh3
1 - /r/fbg
1 - /r/1xle
1 - /r/15wj
1 - /r/2qwj
1 - /r/83c
1 - /r/ugn
1 - /r/3204
1 - /r/1j30
1 - /r/1zav
1 - /r/154
1 - /r/2gjg
1 - /r/174y
1 - /r/2e70
1 - /r/1npa
1 - /r/1k65
1 - /r/78t
1 - /r/zu
1 - /r/ym8
1 - /r/njf
1 - /r/2px2
1 - /r/1kt3
1 - /r/c4l
1 - /r/22lf
1 - /r/bft
1 - /r/1bw
1 - /r/1do
1 - /r/346d
1 - /r/4mk
1 - /r/1rxp
1 - /r/1zgi
1 - /r/1w4o
1 - /r/16wh
1 - /r/2onq
1 - /r/245z
1 - /r/6x5
1 - /r/2ni8
1 - /r/3475
1 - /r/2nc
1 - /r/1foc
1 - /r/v3i
1 - /r/8yp
1 - /r/1rr8
1 - /r/5d8%C3%A0%C2%AE%E2%80%A2%C3%A0%C2%AE%C5%B8%C3%A0%C2%AF%C2%8D%C3%A0%C2%AE%C5%B8%C3%A0%C2%AE%C2%B1%C3%A0%C2%AF%C2%8D%C3%A0%C2%AE%C2%B1
1 - /r/30h4
1 - /r/1c6e
1 - /r/xeu
1 - /r/10c4
1 - /r/30j6
1 - /r/8q7
1 - /r/329e
1 - /r/232n
1 - /r/1van
1 - /r/2th7
1 - /r/1lk3
1 - /r/k4c
1 - /r/ju6
1 - /r/1jdf
1 - /r/e42
1 - /r/570
1 - /r/x4c
1 - /r/bky
1 - /r/kid
1 - /r/uy6
1 - /r/1glv
1 - /r/1jng
1 - /r/2x2r
1 - /r/g9
1 - /r/1fgz
1 - /r/tho
1 - /r/2188
1 - /r/1fzv
1 - /r/1rhn
1 - /r/3qi
1 - /r/i58
1 - /r/ghj
1 - /r/25c9
1 - /r/2syi
1 - /r/qz3
1 - /r/666
1 - /r/59h
1 - /r/style.css
1 - /r/32bu
1 - /r/10dx
1 - /r/16y4
1 - /r/18g2
1 - /r/ktm
1 - /r/7qr
1 - /r/103z
1 - /r/20yb
1 - /r/f1m
1 - /r/12fp
1 - /r/v6l
1 - /r/1poo
1 - /r/2arq
1 - /r/9b5
1 - /r/2fmf
1 - /r/12ct
1 - /r/c
1 - /r/c8r
1 - /r/1j8d
1 - /r/14b4
1 - /r/2kvq
1 - /r/2ju2
1 - /r/15lo
1 - /r/xt6
1 - /r/1iwo
1 - /r/2zn7
1 - /r/3181
1 - /r/2mmq
1 - /r/1nmf
1 - /r/1uzr
1 - /r/28tq
1 - /r/jyu
1 - /r/ck6
1 - /r/22gx
1 - /r/12q0
1 - /r/161s
1 - /r/glb
1 - /r/2c9
1 - /r/4l3
1 - /r/1jtl
1 - /r/1hdn
1 - /r/1vrh
1 - /r/28pc
1 - /r/1jxn
1 - /r/2tgg
1 - /r/yor%E0%AE%95%E0%AE%9F%E0%AF%8D%E0%AE%9F%E0%AE%B1%E0%AF%8D%E0%AE%B1%20%E0%AE%95%E0%AE%B2%E0%AF%88%E0%AE%95%E0%AF%8D%E0%AE%95%E0%AE%B3%E0%AE%9E%E0%AF%8D%E0%AE%9A%E0%AE%BF%E0%AE%AF%E0%AE%AE%E0%AE%BE%E0%AE%A9%20%E0%AE%B5%E0%AE%BF%E0%AE%95%E0%AF%8D%E0%AE%95%E0%AE%BF%E0%AE%AA%E0%AF%8D%E0%AE%AA%E0%AF%80%E0%AE%9F%E0%AE%BF%E0%AE%AF%E0%AE%BE%E0%AE%B5%E0%AE%BF%E0%AE%B2%E0%AF%8D%20%E0%AE%87%E0%AE%B0%E0%AF%81%E0%AE%A8%E0%AF%8D%E0%AE%A4%E0%AF%81.%E0%AE%9C%E0%AE%BE%E0%AE%95%E0%AF%8D%E0%AE%9A%E0%AE%A9%E0%AF%8D%20%E0%AE%AA%E0%AE%BE%E0%AE%B2%E0%AE%95%E0%AF%8DPhotographer%20Hans%20Namuth%20extensively%20documented%20Pollock's%20unique%20painting%20techniques.%E0%AE%87%E0%AE%AF%E0%AE%B1%E0%AF%8D%E0%AE%AA%E0%AF%86%E0%AE%AF%E0%AE%B0%E0%AF%8D%E0%AE%AA%E0%AE%BE%E0%AE%B2%E0%AF%8D%20%E0%AE%9C%E0%AE%BE%E0%AE%95%E0%AF%8D%E0%AE%9A%E0%AE%A9%E0%AF%8D%20%E0%AE%AA%E0%AF%8A%E0%AE%B2%E0%AF%8D%E0%AE%B2%E0%AF%8A%E0%AE%95%E0%AF%8D%E0%AE%AA%E0%AE%BF%E0%AE%B1%E0%AE%AA%E0%AF%8D%E0%AE%AA%E0%AF%81%E0%AE%9A%E0%AE%A9%E0%AE%B5%E0%AE%B0%E0%AE%BF%2028,%201912%E0%AE%95%E0%AF%8B%E0%AE%9F%E0%AE%BF,%20%E0%AE%B5%E0%AE%BF%E0%AE%AF%E0%AF%8B%E0%AE%AE%E0%AE%BF%E0%AE%99%E0%AF%8D%E0%AE%87%E0%AE%B1%E0%AE%AA%E0%AF%8D%E0%AE%AA%E0%AF%81%E0%AE%86%E0%AE%95%E0%AE%A4%E0%AF%8D%E0%AE%A4%E0%AF%81%2011%201956%20(%E0%AE%85%E0%AE%95%E0%AE%B5%E0%AF%88%2044)%E0%AE%B8%E0%AF%8D%E0%AE%AA%E0%AE%BF%E0%AE%B0%E0%AE%BF%E0%AE%99%E0%AF%8D%E0%AE%B8%E0%AF%8D,%20%E0%AE%A8%E0%AE%BF%E0%AE%AF%E0%AF%82%20%E0%AE%AF%E0%AE%BE%E0%AE%B0%E0%AF%8D%E0%AE%95%E0%AF%8D%E0%AE%A8%E0%AE%BE%E0%AE%9F%E0%AF%81%E0%AE%85%E0%AE%AE%E0%AF%86%E0%AE%B0%E0%AE%BF%E0%AE%95%E0%AF%8D%E0%AE%95%E0%AE%B0%E0%AF%8D%E0%AE%A4%E0%AF%81%E0%AE%B1%E0%AF%88%E0%AE%93%E0%AE%B5%E0%AE%BF%E0%AE%AF%E0%AE%B0%E0%AF%8D%E0%AE%87%E0%AE%AF%E0%AE%95%E0%AF%8D%E0%AE%95%E0%AE%AE%E0%AF%8D%E0%AE%AA%E0%AE%A3%E0%AF%8D%E0%AE%AA%E0%AE%BF%E0%AE%AF%E0%AE%B2%E0%AF%8D%20%E0%AE%B5%E0%AF%86%E0%AE%B3%E0%AE%BF%E0%AE%AA%E0%AF%8D%E0%AE%AA%E0%AE%BE%E0%AE%9F%E0%AF%8D%E0%AE%9F%E0%AE%BF%E0%AE%AF%E0%AE%AE%E0%AF%8D%E0%AE%AA%E0%AF%81%E0%AE%B0%E0%AE%B5%E0%AE%B2%E0%AE%B0%E0%AF%8D%E0%AE%AA%E0%AF%86%E0%AE%95%E0%AE%BF%20%E0%AE%95%E0%AF%81%E0%AE%95%E0%AF%86%E0%AE%A9%E0%AF%8D%E0%AE%B9%E0%AF%86%E0%AE%AF%E0%AE%BF%E0%AE%AE%E0%AF%8D%E0%AE%AA%E0%AE%BE%E0%AE%B2%E0%AF%8D%20%E0%AE%9C%E0%AE%BE%E0%AE%95%E0%AF%8D%E0%AE%9A%E0%AE%A9%E0%AF%8D%20%E0%AE%AA%E0%AE%BE%E0%AE%B2%E0%AE%95%E0%AF%8D%20%E0%AE%8E%E0%AE%A9%E0%AF%8D%E0%AE%A9%E0%AF%81%E0%AE%AE%E0%AF%8D%20%E0%AE%AE%E0%AF%81%E0%AE%B4%E0%AF%81%E0%AE%AA%E0%AF%8D%E0%AE%AA%E0%AF%86%E0%AE%AF%E0%AE%B0%E0%AF%8D%20%E0%AE%95%E0%AF%8A%E0%AE%A3%E0%AF%8D%E0%AE%9F%20%E0%AE%9C%E0%AE%BE%E0%AE%95%E0%AF%8D%E0%AE%9A%E0%AE%A9%E0%AF%8D%20%E0%AE%AA%E0%AE%BE%E0%AE%B2%E0%AE%95%E0%AF%8D%20%E0%AE%92%E0%AE%B0%E0%AF%81%20%E0%AE%9A%E0%AF%86%E0%AE%B2%E0%AF%8D%E0%AE%B5%E0%AE%BE%E0%AE%95%E0%AF%8D%E0%AE%95%E0%AF%81%E0%AE%B3%E0%AF%8D%E0%AE%B3%20%E0%AE%85%E0%AE%AE%E0%AF%86%E0%AE%B0%E0%AE%BF%E0%AE%95%E0%AF%8D%E0%AE%95%20%E0%AE%93%E0%AE%B5%E0%AE%BF%E0%AE%AF%E0%AE%B0%E0%AF%8D%20%E0%AE%86%E0%AE%B5%E0%AE%BE%E0%AE%B0%E0%AF%8D.%20%E0%AE%87%E0%AE%B5%E0%AE%B0%E0%AF%8D%20%E0%AE%AA%E0%AE%A3%E0%AF%8D%E0%AE%AA%E0%AE%BF%E0%AE%AF%E0%AE%B2%E0%AF%8D%20%E0%AE%B5%E0%AF%86%E0%AE%B3%E0%AE%BF%E0%AE%AA%E0%AF%8D%E0%AE%AA%E0%AE%BE%E0%AE%9F%E0%AF%8D%E0%AE%9F%E0%AE%BF%E0%AE%AF%E0%AE%95%E0%AF%8D%20%E0%AE%95%E0%AE%B2%E0%AF%88%20%E0%AE%87%E0%AE%AF%E0%AE%95%E0%AF%8D%E0%AE%95%E0%AE%A4%E0%AF%8D%E0%AE%A4%E0%AE%BF%E0%AE%B2%E0%AF%8D%20%E0%AE%AE%E0%AF%81%E0%AE%95%E0%AF%8D%E0%AE%95%E0%AE%BF%E0%AE%AF%E0%AE%AE%E0%AE%BE%E0%AE%A9%20%E0%AE%92%E0%AE%B0%E0%AF%81%E0%AE%B5%E0%AE%B0%E0%AE%BE%E0%AE%95%20%E0%AE%87%E0%AE%B0%E0%AF%81%E0%AE%A8%E0%AF%8D%E0%AE%A4%E0%AE%BE%E0%AE%B0%E0%AF%8D.%20%E0%AE%87%E0%AE%B5%E0%AE%B0%E0%AF%8D%20%E0%AE%B2%E0%AF%80%20%E0%AE%95%E0%AE%BF%E0%AE%B0%E0%AF%87%E0%AE%B8%E0%AF%8D%E0%AE%A9%E0%AE%B0%E0%AF%8D%20%E0%AE%8E%E0%AE%A9%E0%AF%8D%E0%AE%A9%E0%AF%81%E0%AE%AE%E0%AF%8D%20%E0%AE%92%E0%AE%B0%E0%AF%81%20%E0%AE%AA%E0%AE%A3%E0%AF%8D%E0%AE%AA%E0%AE%BF%E0%AE%AF%E0%AE%B2%E0%AF%8D%20%E0%AE%93%E0%AE%B5%E0%AE%BF%E0%AE%AF%E0%AE%B0%E0%AF%88%20%E0%AE%AE%E0%AE%A3%E0%AE%AE%E0%AF%8D%20%E0%AE%9A%E0%AF%86%E0%AE%AF%E0%AF%8D%E0%AE%A4%E0%AF%81%E0%AE%95%E0%AF%8A%E0%AE%A3%E0%AF%8D%E0%AE%9F%E0%AE%BE%E0%AE%B0%E0%AF%8D.[%E0%AE%A4%E0%AF%8A%E0%AE%95%E0%AF%81]%E0%AE%87%E0%AE%B3%E0%AE%AE%E0%AF%88%E0%AE%95%E0%AF%8D%E0%AE%95%E0%AE%BE%E0%AE%B2%E0%AE%AE%E0%AF%8D%E0%AE%AA%E0%AE%BE%E0%AE%B2%E0%AE%95%E0%AF%8D%20%E0%AE%95%E0%AF%8B%E0%AE%9F%E0%AE%BF,
1 - /r/1ary
1 - /r/1y08
1 - /r/118r
1 - /r/rnk
1 - /r/2xrt
1 - /r/ofa
1 - /r/2vtz
1 - /r/1tx8
1 - /r/2ed1
1 - /r/2fmg
1 - /r/wxj
1 - /r/27p
1 - /r/1tt
1 - /r/1gov
1 - /r/1hod
1 - /r/5nx
1 - /r/b7j
1 - /r/33zg
1 - /r/340h
1 - /r/2obh
1 - /r/1tbf
1 - /r/i1l
1 - /r/1cei
1 - /r/j53
1 - /r/2x39
1 - /r/31qx
1 - /r/tk1
1 - /r/2wk1
1 - /r/2ukh
1 - /r/ijo
1 - /r/1t0p
1 - /r/27rn
1 - /r/xet
1 - /r/1xf6
1 - /r/32in
1 - /r/4q1
1 - /r/22s3
1 - /r/tv8
1 - /r/27al
1 - /r/25ud
1 - /r/15t7
1 - /r/s9o
1 - /r/3x2
1 - /r/oo2
1 - /r/4du
1 - /r/b3i
1 - /r/3wa
1 - /r/10m2
1 - /r/1ukd
1 - /r/200u
1 - /r/1zuw
1 - /r/1kei
1 - /r/3sz
1 - /r/2tzi
1 - /r/2ek3
1 - /r/2bgp
1 - /r/irt3
1 - /r/2fo
1 - /r/1rto3
1 - /r/2fpa
1 - /r/20gb
1 - /r/235w
1 - /r/10or
1 - /r/4qb
1 - /r/17p2
1 - /r/7ca
1 - /r/2ilg
1 - /r/3rd
1 - /r/9vi
1 - /r/c5t
1 - /r/1osh
1 - /r/6y1
1 - /r/hdu
1 - /r/2x87
1 - /r/9ql
1 - /r/2p5
1 - /r/1gtu
1 - /r/nce
1 - /r/2bii
1 - /r/3o3
1 - /r/2oc
1 - /r/1giv
1 - /r/z9m
1 - /r/1djm
1 - /r/2xxw
1 - /r/yp8
1 - /r/qd
1 - /r/tzu
1 - /r/dts
1 - /r/2u5w
1 - /r/33xy
1 - /r/1hd6
1 - /r/uol
1 - /r/224m
1 - /r/3fd
1 - /r/t1w%E0%AE%95%E0%AE%9F%E0%AF%8D%E0%AE%9F%E0%AE%B1%E0%AF%8D%E0%AE%B1%20%E0%AE%95%E0%AE%B2%E0%AF%88%E0%AE%95%E0%AF%8D%E0%AE%95%E0%AE%B3%E0%AE%9E%E0%AF%8D%E0%AE%9A%E0%AE%BF%E0%AE%AF%E0%AE%AE%E0%AE%BE%E0%AE%A9%20%E0%AE%B5%E0%AE%BF%E0%AE%95%E0%AF%8D%E0%AE%95%E0%AE%BF%E0%AE%AA%E0%AF%8D%E0%AE%AA%E0%AF%80%E0%AE%9F%E0%AE%BF%E0%AE%AF%E0%AE%BE%E0%AE%B5%E0%AE%BF%E0%AE%B2%E0%AF%8D%20%E0%AE%87%E0%AE%B0%E0%AF%81%E0%AE%A8%E0%AF%8D%E0%AE%A4%E0%AF%81.(%E0%AE%9A%E0%AF%87%E0%AE%A4%E0%AF%81%20%E0%AE%9A%E0%AE%AE%E0%AF%81%E0%AE%A4%E0%AF%8D%E0%AE%A4%E0%AE%BF%E0%AE%B0%E0%AE%A4%E0%AF%8D%20%E0%AE%A4%E0%AE%BF%E0%AE%9F%E0%AF%8D%E0%AE%9F%E0%AE%AE%E0%AF%8D%20%E0%AE%87%E0%AE%B2%E0%AE%BF%E0%AE%B0%E0%AF%81%E0%AE%A8%E0%AF%8D%E0%AE%A4%E0%AF%81%20%E0%AE%B5%E0%AE%B4%E0%AE%BF%E0%AE%AE%E0%AE%BE%E0%AE%B1%E0%AF%8D%E0%AE%B1%E0%AE%AA%E0%AF%8D%E0%AE%AA%E0%AE%9F%E0%AF%8D%E0%AE%9F%E0%AE%A4%E0%AF%81)%E0%AE%9A%E0%AF%87%E0%AE%A4%E0%AF%81%20%E0%AE%9A%E0%AE%AE%E0%AF%81%E0%AE%A4%E0%AF%8D%E0%AE%A4%E0%AE%BF%E0%AE%B0%E0%AE%95%E0%AF%8D%20%E0%AE%95%E0%AE%BE%E0%AE%B2%E0%AF%8D%E0%AE%B5%E0%AE%BE%E0%AE%AF%E0%AF%8D%E0%AE%A4%E0%AF%8D%20%E0%AE%A4%E0%AE%BF%E0%AE%9F%E0%AF%8D%E0%AE%9F%E0%AE%AE%E0%AF%8D%20%E0%AE%89%E0%AE%B3%E0%AF%8D%E0%AE%B3%E0%AE%9F%E0%AE%95%E0%AF%8D%E0%AE%95%E0%AF%81%E0%AE%AE%E0%AF%8D%20%E0%AE%AA%E0%AE%BF%E0%AE%B0%E0%AE%A4%E0%AF%87%E0%AE%9A%E0%AE%99%E0%AF%8D%E0%AE%95%E0%AE%B3%E0%AF%88%20%E0%AE%B5%E0%AE%BF%E0%AE%AA%E0%AE%B0%E0%AE%BF%E0%AE%95%E0%AF%8D%E0%AE%95%E0%AF%81%E0%AE%AE%E0%AF%8D%20%E0%AE%AA%E0%AE%9F%E0%AE%AE%E0%AF%8D%E0%AE%AA%E0%AE%BE%E0%AE%95%E0%AF%8D%20%E0%AE%A8%E0%AF%80%E0%AE%B0%E0%AE%BF%E0%AE%A3%E0%AF%88%E0%AE%AA%E0%AF%8D%E0%AE%AA%E0%AF%81%20%E0%AE%AE%E0%AE%B1%E0%AF%8D%E0%AE%B1%E0%AF%81%E0%AE%AE%E0%AF%8D%20%E0%AE%87%E0%AE%B0%E0%AE%BE%E0%AE%AE%E0%AE%B0%E0%AF%8D%20%E0%AE%AA%E0%AE%BE%E0%AE%B2%E0%AE%AE%E0%AF%8D%20(%E0%AE%86%E0%AE%A4%E0%AE%BE%E0%AE%AE%E0%AF%8D%20%E0%AE%AA%E0%AE%BE%E0%AE%B2%E0%AE%AE%E0%AF%8D,%20Adam's%20Bridge)%20%E0%AE%AA%E0%AE%95%E0%AF%81%E0%AE%A4%E0%AE%BF%E0%AE%95%E0%AE%B3%E0%AF%88%20%E0%AE%86%E0%AE%B4%E0%AE%AA%E0%AF%8D%E0%AE%AA%E0%AE%9F%E0%AF%81%E0%AE%A4%E0%AF%8D%E0%AE%A4%E0%AE%BF%20%E0%AE%95%E0%AE%AA%E0%AF%8D%E0%AE%AA%E0%AE%B2%E0%AF%8D%20%E0%AE%AA%E0%AF%8B%E0%AE%95%E0%AF%8D%E0%AE%95%E0%AF%81%E0%AE%B5%E0%AE%B0%E0%AE%A4%E0%AF%8D%E0%AE%A4%E0%AE%BF%E0%AE%B1%E0%AF%8D%E0%AE%95%E0%AF%81%20%E0%AE%89%E0%AE%95%E0%AE%A8%E0%AF%8D%E0%AE%A4%E0%AE%A4%E0%AE%BE%E0%AE%95%20%E0%AE%AE%E0%AE%BE%E0%AE%B1%E0%AF%8D%E0%AE%B1%E0%AF%81%E0%AE%AE%E0%AF%8D%20%E0%AE%A4%E0%AE%BF%E0%AE%9F%E0%AF%8D%E0%AE%9F%E0%AE%AE%E0%AF%87%20%E0%AE%9A%E0%AF%87%E0%AE%A4%E0%AF%81%20%E0%AE%9A%E0%AE%AE%E0%AF%81%E0%AE%A4%E0%AF%8D%E0%AE%A4%E0%AE%BF%E0%AE%B0%E0%AE%95%E0%AF%8D%20%E0%AE%95%E0%AE%AA%E0%AF%8D%E0%AE%AA%E0%AE%B2%E0%AF%8D%20%E0%AE%95%E0%AE%BE%E0%AE%B2%E0%AF%8D%E0%AE%B5%E0%AE%BE%E0%AE%AF%E0%AF%8D%E0%AE%A4%E0%AF%8D%20%E0%AE%A4%E0%AE%BF%E0%AE%9F%E0%AF%8D%E0%AE%9F%E0%AE%AE%E0%AF%8D.%20%E0%AE%87%E0%AE%A4%E0%AF%8D%E0%AE%A4%E0%AE%BF%E0%AE%9F%E0%AF%8D%E0%AE%9F%E0%AE%AE%E0%AF%8D%20%E0%AE%A8%E0%AE%BF%E0%AE%B1%E0%AF%88%E0%AE%B5%E0%AF%87%E0%AE%B1%E0%AF%81%E0%AE%AE%E0%AF%8D%E0%AE%AA%E0%AF%8A%E0%AE%B4%E0%AF%81%E0%AE%A4%E0%AF%81%20%E0%AE%87%E0%AE%95%E0%AF%8D%E0%AE%95%E0%AE%BE%E0%AE%B2%E0%AF%8D%E0%AE%B5%E0%AE%BE%E0%AE%AF%E0%AF%8D%20%E0%AE%B5%E0%AE%B4%E0%AE%BF%E0%AE%AF%E0%AE%BE%E0%AE%95%20%E0%AE%9A%E0%AF%86%E0%AE%B2%E0%AF%8D%E0%AE%B2%E0%AE%95%E0%AF%8D%E0%AE%95%E0%AF%82%E0%AE%9F%E0%AE%BF%E0%AE%AF%20%E0%AE%85%E0%AE%B3%E0%AE%B5%E0%AF%81%E0%AE%AE%E0%AF%8D%20%E0%AE%B5%E0%AF%87%E0%AE%95%E0%AE%AE%E0%AF%81%E0%AE%AE%E0%AF%8D%20%E0%AE%95%E0%AF%8A%E0%AE%A3%E0%AF%8D%E0%AE%9F%20%E0%AE%95%E0%AE%AA%E0%AF%8D%E0%AE%AA%E0%AE%B2%E0%AF%8D%E0%AE%95%E0%AE%B3%E0%AF%8D%20%E0%AE%87%E0%AE%A8%E0%AF%8D%E0%AE%A4%E0%AE%BF%E0%AE%AF%E0%AE%AA%E0%AF%8D%20%E0%AE%AA%E0%AF%86%E0%AE%B0%E0%AF%81%E0%AE%99%E0%AF%8D%E0%AE%95%E0%AE%9F%E0%AE%B2%E0%AE%BF%E0%AE%B2%E0%AF%8D%20%E0%AE%87%E0%AE%B0%E0%AF%81%E0%AE%A8%E0%AF%8D%E0%AE%A4%E0%AF%81%20%E0%AE%87%E0%AE%B2%E0%AE%99%E0%AF%8D%E0%AE%95%E0%AF%88%E0%AE%AF%E0%AF%88%E0%AE%9A%E0%AF%8D%20%E0%AE%9A%E0%AF%81%E0%AE%B1%E0%AF%8D%E0%AE%B1%E0%AE%BE%E0%AE%AE%E0%AE%B2%E0%AF%8D%20%E0%AE%9A%E0%AF%87%E0%AE%A4%E0%AF%81%E0%AE%95%E0%AF%8D%20%E0%AE%95%E0%AE%BE%E0%AE%B2%E0%AF%8D%E0%AE%B5%E0%AE%BE%E0%AE%AF%E0%AF%8D%20%E0%AE%B5%E0%AE%B4%E0%AE%BF%E0%AE%AF%E0%AE%BE%E0%AE%95%20%E0%AE%B5%E0%AE%99%E0%AF%8D%E0%AE%95%E0%AE%95%E0%AF%8D%20%E0%AE%95%E0%AE%9F%E0%AE%B2%E0%AF%88%20%E0%AE%85%E0%AE%9F%E0%AF%88%E0%AE%AF%20%E0%AE%AE%E0%AF%81%E0%AE%9F%E0%AE%BF%E0%AE%AF%E0%AF%81%E0%AE%AE%E0%AF%8D.300%20%E0%AE%AE%E0%AF%80%20%E0%AE%85%E0%AE%95%E0%AE%B2%E0%AE%AE%E0%AF%81%E0%AE%AE%E0%AF%8D%2012%20%E0%AE%AE%E0%AF%80%20%E0%AE%86%E0%AE%B4%E0%AE%AE%E0%AF%81%E0%AE%AE%E0%AF%8D%20167%20%E0%AE%95%E0%AE%BF.%E0%AE%AE%E0%AF%80%20%E0%AE%A8%E0%AF%80%E0%AE%B3%E0%AE%AE%E0%AF%81%E0%AE%AE%E0%AF%8D%20%E0%AE%95%E0%AF%8A%E0%AE%A3%E0%AF%8D%E0%AE%9F%E0%AE%A4%E0%AE%BE%E0%AE%95%20%E0%AE%87%E0%AE%A4%E0%AF%8D%E0%AE%A4%E0%AE%BF%E0%AE%9F%E0%AF%8D%E0%AE%9F%E0%AE%AE%E0%AF%8D%20%E0%AE%9A%E0%AF%86%E0%AE%AF%E0%AE%B2%E0%AF%8D%E0%AE%AA%E0%AE%9F%E0%AF%81%E0%AE%A4%E0%AF%8D%E0%AE%A4%E0%AE%AA%E0%AF%8D%E0%AE%AA%E0%AE%9F%E0%AF%81%E0%AE%95%E0%AE%BF%E0%AE%B1%E0%AE%A4%E0%AF%81.%E0%AE%AA%E0%AE%9F%E0%AE%BF%E0%AE%AE%E0%AE%AE%E0%AF%8D:%E0%AE%AE%E0%AE%BE%E0%AE%A4%E0%AE%BF%E0%AE%B0%E0%AE%BF%E0%AE%AA%E0%AF%8D%E0%AE%AA%E0%AE%9F%E0%AE%AE%E0%AF%8D==%E0%AE%AE%E0%AF%81%E0%AE%95%E0%AF%8D%E0%AE%95%E0%AE%BF%E0%AE%AF%20%E0%AE%85%E0%AE%AE%E0%AF%8D%E0%AE%9A%E0%AE%99%E0%AF%8D%E0%AE%95%E0%AE%B3%E0%AF%8D==%E0%AE%87%E0%AE%B0%E0%AE%BE%E0%AE%AE%E0%AE%B0%E0%AF%8D%20%E0%AE%AA%E0%AE%BE%E0%AE%B2%E0%AE%AE%E0%AF%8D%20%E0%AE%85%E0%AE%B0%E0%AF%81%E0%AE%95%E0%AF%87%2035%20%E0%AE%95%E0%AE%BF.%E0%AE%AE%E0%AF%80%20%E0%AE%A8%E0%AF%80%E0%AE%B3%E0%AE%A4%E0%AF%8D%E0%AE%A4%E0%AE%BF%E0%AE%B1%E0%AF%8D%E0%AE%95%E0%AF%81%E0%AE%AE%E0%AF%8D,%20%E0%AE%AA%E0%AE%BE%E0%AE%95%E0%AF%8D%20%E0%AE%A8%E0%AF%80%E0%AE%B0%E0%AE%BF%E0%AE%A3%E0%AF%88%E0%AE%AA%E0%AF%8D%E0%AE%AA%E0%AF%81%20%E0%AE%AA%E0%AE%95%E0%AF%81%E0%AE%A4%E0%AE%BF%E0%AE%AF%E0%AE%BF%E0%AE%B2%E0%AF%8D%2054%20%E0%AE%95%E0%AE%BF.%E0%AE%AE%E0%AF%80%20%E0%AE%A8%E0%AF%80%E0%AE%B3%E0%AE%A4%E0%AF%8D%E0%AE%A4%E0%AE%BF%E0%AE%B1%E0%AF%8D%E0%AE%95%E0%AF%81%20%E0%AE%AE%E0%AE%9F%E0%AF%8D%E0%AE%9F%E0%AF%81%E0%AE%AE%E0%AF%8D%20%E0%AE%85%E0%AE%95%E0%AE%B4%E0%AF%8D%E0%AE%B5%E0%AF%81%E0%AE%AA%E0%AF%8D%20%E0%AE%AA%E0%AE%A3%E0%AE%BF%20%E0%AE%AE%E0%AF%87%E0%AE%B1%E0%AF%8D%E0%AE%95%E0%AF%8A%E0%AE%B3%E0%AF%8D%E0%AE%B3%E0%AE%AA%E0%AF%8D%E0%AE%AA%E0%AE%9F%E0%AF%81%E0%AE%AE%E0%AF%8D.%20%E0%AE%AA%E0%AF%8B%E0%AE%A4%E0%AE%BF%E0%AE%AF%20%E0%AE%86%E0%AE%B4%E0%AE%AE%E0%AF%81%E0%AE%B3%E0%AF%8D%E0%AE%B3%2078%20%E0%AE%95%E0%AE%BF.%E0%AE%AE%E0%AF%80%20%E0%AE%AA%E0%AE%95%E0%AF%81%E0%AE%A4%E0%AE%BF%20%E0%AE%86%E0%AE%B4%E0%AE%AA%E0%AF%8D%E0%AE%AA%E0%AE%9F%E0%AF%81%E0%AE%A4%E0%AF%8D%E0%AE%A4%E0%AE%AA%E0%AF%8D%E0%AE%AA%E0%AE%9F%E0%AE%AE%E0%AE%BE%E0%AE%9F%E0%AF%8D%E0%AE%9F%E0%AE%BE%E0%AE%A4%E0%AF%81.10%20%E0%AE%AE%E0%AF%80%20%E0%AE%AE%E0%AE%BF%E0%AE%A4%E0%AE%B5%E0%AF%88%20%E0%AE%86%E0%AE%B4%E0%AE%AE%E0%AF%8D%20%E0%AE%95%E0%AF%8A%E0%AE%A3%E0%AF%8D%E0%AE%9F%20%E0%AE%95%E0%AE%AA%E0%AF%8D%E0%AE%AA%E0%AE%B2%E0%AF%8D%E0%AE%95%E0%AE%B3%E0%AF%8D%20%E0%AE%87%E0%AE%95%E0%AF%8D%E0%AE%95%E0%AE%BE%E0%AE%B2%E0%AF%8D%E0%AE%B5%E0%AE%BE%E0%AE%AF%E0%AF%8D%20%E0%AE%B5%E0%AE%B4%E0%AE%BF%20%E0%AE%85%E0%AE%A9%E0%AF%81%E0%AE%AE%E0%AE%A4%E0%AE%BF%E0%AE%95%E0%AF%8D%E0%AE%95%E0%AE%AA%E0%AF%8D%E0%AE%AA%E0%AE%9F%E0%AF%81%E0%AE%AE%E0%AF%8D.%E0%AE%95%E0%AE%BE%E0%AE%B2%E0%AF%8D%E0%AE%B5%E0%AE%BE%E0%AE%AF%E0%AE%BF%E0%AE%B2%E0%AF%8D%20%E0%AE%9A%E0%AF%86%E0%AE%B2%E0%AF%8D%E0%AE%B2%E0%AF%81%E0%AE%AE%E0%AF%8D%20%E0%AE%95%E0%AE%AA%E0%AF%8D%E0%AE%AA%E0%AE%B2%E0%AF%8D%E0%AE%95%E0%AE%B3%E0%AF%8D%208%20%E0%AE%95%E0%AE%9F%E0%AE%B2%E0%AF%8D%20%E0%AE%AE%E0%AF%88%E0%AE%B2%E0%AF%8D%20%E0%AE%B5%E0%AF%87%E0%AE%95%E0%AE%A4%E0%AF%8D%E0%AE%A4%E0%AE%BF%E0%AE%B2%E0%AF%8D%20%E0%AE%9A%E0%AF%86%E0%AE%B2%E0%AF%8D%E0%AE%B2%20%E0%AE%85%E0%AE%A9%E0%AF%81%E0%AE%AE%E0%AE%A4%E0%AE%BF%E0%AE%95%E0%AF%8D%E0%AE%95%E0%AE%AA%E0%AF%8D%E0%AE%AA%E0%AE%9F%E0%AF%81%E0%AE%AE%E0%AF%8D.%E0%AE%AA%E0%AE%A9%E0%AE%BE%E0%AE%AE%E0%AE%BE%20%E0%AE%95%E0%AE%BE%E0%AE%B2%E0%AF%8D%E0%AE%B5%E0%AE%BE%E0%AE%AF%E0%AF%8D%20%E0%AE%AA%E0%AF%8B%E0%AE%B2%20%E0%AE%95%E0%AF%81%E0%AE%B1%E0%AF%81%E0%AE%AE%20%E0%AE%AA%E0%AE%BE%E0%AE%B0%E0"
1 - /r/2e4k
1 - /r/h5y
1 - /r/1ac
1 - /r/bhh
1 - /r/1s0
1 - /r/8xk
1 - /r/9zt
1 - /r/2fwv
1 - /r/bqh
1 - /r/xuo
1 - /r/a5b
1 - /r/1vfp
1 - /r/1bq
1 - /r/10d0
1 - /r/1mye
1 - /r/1ow
1 - /r/1qwa
1 - /r/wqn
1 - /r/1rr5
1 - /r/2bs
1 - /r/83n
1 - /r/1leg
1 - /r/e23
1 - /r/2j0
1 - /r/u7w
1 - /r/32e6
1 - /r/78a
1 - /r/nbp
1 - /r/25c7
1 - /r/1kbd
1 - /r/hm
1 - /r/1up5
1 - /r/b7t
1 - /r/1fit
1 - /r/1jni
1 - /r/249u
1 - /r/11y6
1 - /r/1xpy
1 - /r/8
1 - /r/hp8
1 - /r/2438
1 - /r/2du0
1 - /r/14t7
1 - /r/22b
1 - /r/5e8
1 - /r/14k6
1 - /r/24mh
1 - /r/mpw
1 - /r/46r
1 - /r/3zo
1 - /r/2ogc
1 - /r/8mi
1 - /r/tab
1 - /r/9av
1 - /r/11rx
1 - /r/1dmj
1 - /r/n5v
1 - /r/cnz
1 - /r/tjv
1 - /r/196n\xE0\xAE\x95\xE0\xAE\x9F\xE0\xAF\x8D\xE0\xAE\x9F\xE0\xAE\xB1\xE0\xAF\x8D\xE0\xAE\xB1
1 - /r/272m
1 - /r/1x0m
1 - /r/ww1
1 - /r/2w8p
1 - /r/109g
1 - /r/wmf
1 - /r/18z3
1 - /r/tdi
1 - /r/2mom
1 - /r/24bn
1 - /r/14jo
1 - /r/9dg
1 - /r/b1d
1 - /r/1zi4
1 - /r/12di
1 - /r/1u9
1 - /r/759
1 - /r/2wcy
1 - /r/bps
1 - /r/7u6
1 - /r/vtb
1 - /r/1kc
1 - /r/2z79
1 - /r/2ghh
1 - /r/1f4t
1 - /r/1fa3
1 - /r/5an
1 - /r/3q8
1 - /r/1by7
1 - /r/11yf
1 - /r/1ng2
1 - /r/1xls
1 - /r/gyu
1 - /r/1u2p
1 - /r/1mrd
1 - /r/1knd
1 - /r/1h5q
1 - /r/143j
1 - /r/1klo
1 - /r/12zo
1 - /r/wn5
1 - /r/ft8
1 - /r/2kp4
1 - /r/2g85
1 - /r/170q
1 - /r/2mr
1 - /r/sx3
1 - /r/1ps7
1 - /r/mza
1 - /r/30b7
1 - /r/12ul
1 - /r/3dm
1 - /r/2h44
1 - /r/28d1
1 - /r/78q
1 - /r/3oc
1 - /r/hp1
1 - /r/1aw3
1 - /r/12e
1 - /r/2odl
1 - /r/1rj
1 - /r/pjm
1 - /r/2gv
1 - /r/1rrg%E0%AE%95%E0%AE%9F%E0%AF%8D%E0%AE%9F%E0%AE%B1%E0%AF%8D%E0%AE%B1
1 - /r/1ji
1 - /r/2h9
1 - /r/2ifo
1 - /r/4fj
1 - /r/1jdk
1 - /r/fz
1 - /r/27n
1 - /r/27w2
1 - /r/1opf
1 - /r/2pw
1 - /r/2pzy
1 - /r/18p6
1 - /r/2nmr
1 - /r/2lmb
1 - /r/fn0
1 - /r/17wy
1 - /r/3u0
1 - /r/1glu
1 - /r/q1t
1 - /r/fvn
1 - /r/34i5
1 - /r/l3w
1 - /r/1hed
1 - /r/ipu
1 - /r/g4o
1 - /r/48l
1 - /r/1f98
1 - /r/v8h
1 - /r/2qw
1 - /r/sgs
1 - /r/1j7m
1 - /r/2dz
1 - /r/12la
1 - /r/i27
1 - /r/fvq
1 - /r/p3f\xE0\xAE\x95\xE0\xAE\x9F\xE0\xAF\x8D\xE0\xAE\x9F\xE0\xAE\xB1\xE0\xAF\x8D\xE0\xAE\xB1
1 - /r/7xp
1 - /r/2yc2
1 - /r/20qd
1 - /r/20qd.com
1 - /r/1l9s
1 - /r/c01
1 - /r/24y6
1 - /r/26oh
1 - /r/5s5
1 - /r/au3
1 - /r/1hwf\xE0\xAE\x95\xE0\xAE\x9F\xE0\xAF\x8D\xE0\xAE\x9F\xE0\xAE\xB1\xE0\xAF\x8D\xE0\xAE\xB1
1 - /r/1kwz
1 - /r/1it9
1 - /r/hds
1 - /r/2264
1 - /r/6ww
1 - /r/1hkq
1 - /r/3xh
1 - /r/1u6e
1 - /r/2vys
1 - /r/2ktj
1 - /r/30g0
1 - /r/6vk
1 - /r/dtt
1 - /r/1db5
1 - /r/3362
1 - /r/1e1k
1 - /r/72p
1 - /r/1kb3
1 - /r/2zdq
1 - /r/4s8
1 - /r/13ai
1 - /r/m1w
1 - /r/20wm
1 - /r/cn8
1 - /r/zkv
1 - /r/294h
1 - /r/7qs
1 - /r/14wg
1 - /r/1zbk
1 - /r/g05
1 - /r/o12
1 - /r/2u33
1 - /r/17pd
1 - /r/ayz
1 - /r/2q14
1 - /r/17jt%20%E0%AE%95%E0%AE%9F%E0%AF%8D%E0%AE%9F%E0%AE%B1%E0%AF%8D%E0%AE%B1%20%E0%AE%95%E0%AE%B2%E0%AF%88%E0%AE%95%E0%AF%8D%E0%AE%95%E0%AE%B3%E0%AE%9E%E0%AF%8D%E0%AE%9A%E0%AE%BF%E0%AE%AF%E0%AE%AE%E0%AE%BE%E0%AE%A9%20%E0%AE%B5%E0%AE%BF%E0%AE%95%E0%AF%8D%E0%AE%95%E0%AE%BF%E0%AE%AA%E0%AF%8D%E0%AE%AA%E0%AF%80%E0%AE%9F%E0%AE%BF%E0%AE%AF%E0%AE%BE%E0%AE%B5%E0%AE%BF%E0%AE%B2%E0%AF%8D%20%E0%AE%87%E0%AE%B0%E0%AF%81%E0%AE%A8%E0%AF%8D%E0%AE%A4%E0%AF%81.%20%E0%AE%93%E0%AE%9A%E0%AF%8B%E0%AE%A9%E0%AF%8D%20%20%20(IUPAC)%20%E0%AE%90%E0%AE%AF%E0%AF%81%E0%AE%AA%E0%AE%BF%E0%AE%8F%E0%AE%9A%E0%AE%BF%20%E0%AE%AA%E0%AF%86%E0%AE%AF%E0%AE%B0%E0%AF%8D%20%20%C2%A0[%E0%AE%95%E0%AE%BE%E0%AE%9F%E0%AF%8D%E0%AE%9F%E0%AF%81]%20%E0%AE%B5%E0%AF%87%E0%AE%A4%E0%AE%BF%E0%AE%AF%E0%AE%BF%E0%AE%AF%E0%AE%B2%E0%AF%8D%20%E0%AE%95%E0%AF%81%E0%AE%B1%E0%AE%BF%E0%AE%AA%E0%AF%8D%E0%AE%AA%E0%AF%81%E0%AE%95%E0%AE%B3%E0%AF%8D%20CAS%20%E0%AE%8E%E0%AE%A3%E0%AF%8D%2010028-15-6%20%E0%AE%AA%E0%AE%A3%E0%AF%8D%E0%AE%AA%E0%AF%81%E0%AE%95%E0%AE%B3%E0%AF%8D%20%E0%AE%B5%E0%AF%87%E0%AE%A4%E0%AE%BF%E0%AE%AF%E0%AE%BF%E0%AE%AF%E0%AE%B2%E0%AF%8D%20%E0%AE%B5%E0%AE%BE%E0%AE%AF%E0%AF%8D%E0%AE%AA%E0%AE%BE%E0%AE%9F%E0%AF%81%20O3%20%E0%AE%AE%E0%AF%8B%E0%AE%B2%E0%AE%BE%E0%AE%B0%E0%AF%8D%20%E0%AE%A8%E0%AE%BF%E0%AE%B1%E0%AF%88%2047.998%C2%A0g%C2%B7mol%E2%88%921%20%E0%AE%A4%E0%AF%8B%E0%AE%B1%E0%AF%8D%E0%AE%B1%E0%AE%AE%E0%AF%8D%20%E0%AE%A8%E0%AF%80%E0%AE%B2%20%E0%AE%A8%E0%AE%BF%E0%AE%B1%20%E0%AE%B5%E0%AE%B3%E0%AE%BF%E0%AE%AE%E0%AE%AE%E0%AF%8D%20%E0%AE%85%E0%AE%9F%E0%AE%B0%E0%AF%8D%E0%AE%A4%E0%AF%8D%E0%AE%A4%E0%AE%BF%202.144%C2%A0g%C2%B7L%E2%88%921%20(0%C2%A0%C2%B0C),%20%E0%AE%B5%E0%AE%B3%E0%AE%BF%E0%AE%AE%E0%AE%AE%E0%AF%8D%20%E0%AE%89%E0%AE%B0%E0%AF%81%E0%AE%95%E0%AF%81%E0%AE%A8%E0%AE%BF%E0%AE%B2%E0%AF%88%20%2080.7%C2%A0K,%20%E2%88%92192.5%C2%A0%C2%B0C%20%20%E0%AE%95%E0%AF%8A%E0%AE%A4%E0%AE%BF%E0%AE%A8%E0%AE%BF%E0%AE%B2%E0%AF%88%20%20161.3%C2%A0K,%20%E2%88%92111.9%C2%A0%C2%B0C%20%20%E0%AE%A8%E0%AF%80%E0%AE%B0%E0%AE%BF%E0%AE%B2%E0%AF%8D%20%E0%AE%95%E0%AE%B0%E0%AF%88%E0%AE%AE%E0%AF%88%200.105%C2%A0g%C2%B7100mL%E2%88%921%20(0%C2%A0%C2%B0C)%20Thermochemistry%20Std%20enthalpy%20of%20formation%20%CE%94fHo298%20+142.3%C2%A0kJ%C2%B7mol%E2%88%921%20Standard%20molar%20entropy%20So298%20237.7%C2%A0J%C2%B7K%E2%88%921.mol%E2%88%921%20%E0%AE%A4%E0%AF%80%E0%AE%A8%E0%AE%BF%E0%AE%95%E0%AE%B4%E0%AF%8D%E0%AE%A4%E0%AE%95%E0%AE%B5%E0%AF%81%20EU%20classification%20Oxidant%20(O)%20%E0%AE%B5%E0%AF%87%E0%AE%B1%E0%AF%86%E0%AE%A9%E0%AF%8D%E0%AE%B1%E0%AF%81%20%E0%AE%95%E0%AF%81%E0%AE%B1%E0%AE%BF%E0%AE%AA%E0%AF%8D%E0%AE%AA%E0%AE%BF%E0%AE%9F%E0%AE%AA%E0%AF%8D%E0%AE%AA%E0%AE%9F%E0%AE%BE%E0%AE%A4%20%E0%AE%B5%E0%AE%B0%E0%AF%88%E0%AE%95%E0%AF%8D%E0%AE%95%E0%AF%81%E0%AE%AE%E0%AF%8D%20%E0%AE%AE%E0%AF%87%E0%AE%B2%E0%AF%87%20%E0%AE%95%E0%AF%81%E0%AE%B1%E0%AE%BF%E0%AE%AA%E0%AF%8D%E0%AE%AA%E0%AE%BF%E0%AE%9F%E0%AE%AA%E0%AF%8D%E0%AE%AA%E0%AE%9F%E0%AF%8D%E0%AE%9F%E0%AF%81%E0%AE%B3%E0%AF%8D%E0%AE%B3%20%E0%AE%AE%E0%AE%A4%E0%AE%BF%E0%AE%AA%E0%AF%8D%E0%AE%AA%E0%AF%81%E0%AE%95%E0%AE%B3%E0%AF%8D%20%E0%AE%AA%E0%AF%8A%E0%AE%B0%E0%AF%81%E0%AE%9F%E0%AF%8D%E0%AE%95%E0%AE%B3%E0%AE%BF%E0%AE%A9%E0%AF%8D%20%E0%AE%A4%E0%AE%BF%E0%AE%9F%E0%AF%8D%E0%AE%9F%20%E0%AE%B5%E0%AF%86%E0%AE%AA%E0%AF%8D%E0%AE%AA%20%E0%AE%85%E0%AE%B4%E0%AF%81%E0%AE%A4%E0%AF%8D%E0%AE%A4%20%E0%AE%A8%E0%AE%BF%E0%AE%B2%E0%AF%88%20(25%C2%A0%C2%B0%E0%AE%9A%E0%AF%86%E0%AE%B2%E0%AF%8D%E0%AE%9A%E0%AE%BF%E0%AE%AF%E0%AE%9A%E0%AF%81,%20100%C2%A0%E0%AE%95%E0%AE%BF%E0%AE%B2%E0%AF%8B%20%E0%AE%AA%E0%AE%BE%E0%AE%B8%E0%AF%8D%E0%AE%95%E0%AE%B2%E0%AF%8D)%20%E0%AE%AE%E0%AE%A4%E0%AE%BF%E0%AE%AA%E0%AF%8D%E0%AE%AA%E0%AF%81%E0%AE%95%E0%AE%B3%E0%AF%8D%20%E0%AE%86%E0%AE%95%E0%AF%81%E0%AE%AE%E0%AF%8D.%20Infobox%20disclaimer%20and%20references%20%E0%AE%93%E0%AE%9A%E0%AF%8B%E0%AE%A9%E0%AF%8D%20(Ozone)%20%E0%AE%8E%E0%AE%A9%E0%AF%8D%E0%AE%AA%E0%AE%A4%E0%AF%81%20%E0%AE%AE%E0%AF%82%E0%AE%A9%E0%AF%8D%E0%AE%B1%E0%AF%81%20%E0%AE%86%E0%AE%95%E0%AF%8D%E0%AE%9A%E0%AE%BF%E0%AE%9A%E0%AE%A9%E0%AF%8D%20%E0%AE%85%E0%AE%A3%E0%AF%81%E0%AE%95%E0%AF%8D%E0%AE%95%E0%AE%B3%E0%AF%8D%20%E0%AE%9A%E0%AF%87%E0%AE%B0%E0%AF%8D%E0%AE%A8%E0%AF%8D%E0%AE%A4%E0%AE%BF%E0%AE%B0%E0%AF%81%E0%AE%95%E0%AF%8D%E0%AE%95%E0%AF%81%E0%AE%AE%E0%AF%8D%20%E0%AE%92%E0%AE%B0%E0%AF%81%20%E0%AE%AE%E0%AF%82%E0%AE%B2%E0%AE%95%E0%AF%8D%E0%AE%95%E0%AF%82%E0%AE%B1%E0%AF%81%20(%E0%AE%9A%E0%AF%87%E0%AE%B0%E0%AF%8D%E0%AE%AE%E0%AE%AE%E0%AF%8D).%20%E0%AE%87%E0%AE%A4%E0%AF%81%20%E0%AE%B5%E0%AE%B3%E0%AE%BF%E0%AE%AE%20%E0%AE%A8%E0%AE%BF%E0%AE%B2%E0%AF%88%E0%AE%AF%E0%AE%BF%E0%AE%B2%E0%AF%8D%20%E0%AE%89%E0%AE%B3%E0%AF%8D%E0%AE%B3%E0%AE%A4%E0%AF%81.%20%E0%AE%86%E0%AE%95%E0%AF%8D%E0%AE%9A%E0%AE%BF%E0%AE%9A%E0%AE%A9%E0%AE%BF%E0%AE%A9%E0%AF%8D%20%E0%AE%AA%E0%AE%BF%E0%AE%B1%E0%AE%BF%E0%AE%A4%E0%AF%8A%E0%AE%B0%E0%AF%81%20%E0%AE%AE%E0%AE%BE%E0%AE%B1%E0%AF%8D%E0%AE%B1%E0%AF%81%E0%AE%B0%E0%AF%81%20(allotrope).%20%E0%AE%87%E0%AE%A4%E0%AF%81%20%E0%AE%88%E0%AE%B0%E0%AE%A3%E0%AF%81%20%E0%AE%86%E0%AE%95%E0%AF%8D%E0%AE%9A%E0%AE%BF%E0%AE%9A%E0%AE%A9%E0%AF%8D%20%E0%AE%AE%E0%AF%82%E0%AE%B2%E0%AE%95%E0%AF%8D%E0%AE%95%E0%AF%82%E0%AE%B1%E0%AF%81%20%E0%AE%AA%E0%AF%8B%E0%AE%B2%E0%AF%8D%20%E0%AE%A8%E0%AE%BF%E0%AE%B2%E0%AF%88%E0%AE%A4%E0%AF%8D%E0%AE%A4%E0%AE%A9%E0%AF%8D%E0%AE%AE%E0%AF%88%20%E0%AE%87%E0%AE%B2%E0%AF%8D%E0%AE%B2%E0%AE%BE%E0%AE%A4%E0%AE%A4%E0%AF%81.%20%E0%AE%8E%E0%AE%B3%E0%AE%BF%E0%AE%A4%E0%AE%BF%E0%AE%B2%E0%AF%8D%20%E0%AE%9A%E0%AE%BF%E0%AE%A4%E0%AF%88%E0%AE%A8%E0%AF%8D%E0%AE%A4%E0%AF%81%20%E0%AE%B5%E0%AE%BF%E0%AE%9F%E0%AF%81%E0%AE%AE%E0%AF%8D.%20%E0%AE%A4%E0%AE%B0%E0%AF%88%E0%AE%95%E0%AF%8D%E0%AE%95%E0%AF%81%20%E0%AE%85%E0%AE%B0%E0%AF%81%E0%AE%95%E0%AF%87%20%E0%AE%95%E0%AE%BE%E0%AE%A3%E0%AE%AA%E0%AF%8D%E0%AE%AA%E0%AE%9F%E0%AF%81%E0%AE%AE%E0%AF%8D%20%E0%AE%93%E0%AE%9A%E0%AF%8B%E0%AE%A9%E0%AF%8D%20%E0%AE%9A%E0%AF%82%E0%AE%B4%E0%AE%B2%E0%AF%8D%20%E0%AE%AE%E0%AE%BE%E0%AE%9A%E0%AF%81%E0%AE%A4%E0%AF%8D%E0%AE%A4%E0%AE%A9%E0%AF%8D%E0%AE%AE%E0%AF%88%20%E0%AE%8A%E0%AE%9F%E0%AF%8D%E0%AE%9F%E0%AF%81%E0%AE%B5%E0%AE%A4%E0%AE%BE%E0%AE%95%E0%AE%95%E0%AF%8D%20%E0%AE%95%E0%AE%B0%E0%AF%81%E0%AE%A4%E0%AE%AA%E0%AF%8D%E0%AE%AA%E0%AE%9F%E0%AF%81%E0%AE%95%E0%AE%BF%E0%AE%A9%E0%AF%8D%E0%AE%B1%E0%AE%A4%E0%AF%81.%20%E0%AE%8F%E0%AE%A9%E0%AF%86%E0%AE%A9%E0%AE%BF%E0%AE%B2%E0%AF%8D%20%E0%AE%AE%E0%AE%BE%E0%AE%A8%E0%AF%8D%E0%AE%A4%E0%AE%B0%E0%AF%8D%E0%AE%95%E0%AE%B3%E0%AF%8D%20%E0%AE%89%E0%AE%9F%E0%AF%8D%E0%AE%AA%E0%AE%9F,%20%E0%AE%B5%E0%AE%BF%E0%AE%B2%E0%AE%99%E0%AF%8D%E0%AE%95%E0%AF%81%E0%AE%95%E0%AE%B3%E0%AF%8D%20%E0%AE%AA%E0%AE%B2%E0%AE%B5%E0%AE%B1%E0%AF%8D%E0%AE%B1%E0%AE%BF%E0%AE%A9%E0%AF%8D%20%E0%AE%AE%E0%AF%82%E0%AE%9A%E0%AF%8D%E0%AE%9A%E0%AF%81%20%E0%AE%87%E0%AE%AF%E0%AE%95%E0%AF%8D%E0%AE%95%E0%AE%A4%E0%AF%8D%E0%AE%A4%E0%AE%BF%E0%AE%B1%E0%AF%8D%E0%AE%95%E0%AF%81%20%E0%AE%95%E0%AF%87%E0%AE%9F%E0%AF%81%20%E0%AE%B5%E0%AE%BF%E0%AE%B3%E0%AF%88%E0%AE%B5%E0%AE%BF%E0%AE%95%E0%AF%8D%E0%AE%95%E0%AE%BF%E0%AE%A9%E0%AF%8D%E0%AE%B1%E0%AE%A4%E0%AF%81.%20%E0%AE%86%E0%AE%A9%E0%AE%BE%E0%AE%B2%E0%AF%8D%20%E0%AE%A8%E0%AE%BF%E0%AE%B2%20%E0%AE%89%E0%AE%B2%E0%AE%95%E0%AE%BF%E0%AE%A9%E0%AF%8D%20%E0%AE%95%E0%AE%BE%E0%AE%B1%E0%AF%8D%E0%AE%B1%E0%AF%81%E0%AE%AE%E0%AE%A3%E0%AF%8D%E0%AE%9F%E0%AE%B2%E0%AE%A4%E0%AF%8D%E0%AE%A4%E0%AE%BF%E0%AE%A9%E0%AF%8D%20%E0%AE%AE%E0%AF%87%E0%AE%B2%E0%AF%8D%20%E0%AE%AE%E0%AE%9F%E0%AF%8D%E0%AE%9F%E0%AE%99%E0%AF%8D%E0%AE%95%E0%AE%B3%E0%AE%BF%E0%AE%B2%E0%AF%8D%20%E0%AE%89%E0%AE%B3%E0%AF%8D%E0%AE%B3%20%E0%AE%93%E0%AE%9A%E0%AF%8B%E0%AE%A9%E0%AF%8D%20%E0%AE%B5%E0%AE%B3%E0%AE%BF,%20%E0%AE%89%E0%AE%AF%E0%AE%BF%E0%AE%B0%E0%AE%BF%E0%AE%A9%E0%AE%99%E0%AF%8D%E0%AE%95%E0%AE%B3%E0%AE%BF%E0%AE%95%E0%AF%8D%E0%AE%95%E0%AF%81%20%E0%AE%A4%E0%AF%80%E0%AE%99%E0%AF%8D%E0%AE%95%E0%AF%81%20%E0%AE%B5%E0%AE%BF%E0%AE%B3%E0%AF%88%E0%AE%B5%E0%AE%BF%E0%AE%95%E0%AF%8D%E0%AE%95%E0%AF%81%E0%AE%AE%E0%AF%8D%20%E0%AE%AA%E0%AF%81%E0%AE%B1%20%E0%AE%8A%E0%AE%A4%E0%AE%BE%E0%AE%95%E0%AF%8D%20%E0%AE%95%E0%AE%A4%E0%AE%BF%E0%AE%B0%E0%AF%8D%E0%AE%95%E0%AE%B3%E0%AF%88%20%E0%AE%A4%E0%AE%9F%E0%AF%81%E0%AE%A4%E0%AF%8D%E0%AE%A4%E0%AF%81,%20%E0%AE%89%E0%AE%B2%E0%AE%95%E0%AE%BF%E0%AE%B2%E0%AF%8D%20%E0%AE%AA%E0%AE%BE%E0%AE%AF%E0%AF%81%E0%AE%AE%E0%AF%8D%20%E0%AE%85%E0%AE%B3%E0%AE%B5%E0%AF%88%E0%AE%95%E0%AF%8D%20%E0%AE%95%E0%AF%81%E0%AE%B1%E0%AF%88%E0%AE%95%E0%AF%8D%E0%AE%95%E0%AE%BF%"
1 - /r/kvp
1 - /r/1n59
1 - /r/1kar
1 - /r/2hze
1 - /r/2ezm
1 - /r/1gwe
1 - /r/34av
1 - /r/sg6
1 - /r/28n7
1 - /r/1rdd
1 - /r/f64
1 - /r/23q1
1 - /r/1gjy
1 - /r/f1p
1 - /r/20o2
1 - /r/1jye
1 - /r/9ur
1 - /r/2sj6
1 - /r/jpw
1 - /r/343r
1 - /r/33ls
1 - /r/6ny
1 - /r/7cy
1 - /r/i4
1 - /r/iwc
1 - /r/3sa
1 - /r/1iqc
1 - /r/17ie
1 - /r/2czd
1 - /r/gbi
1 - /r/1vff
1 - /r/16yl
1 - /r/2qgn
1 - /r/15fk
1 - /r/53q
1 - /r/1ot2
1 - /r/rpq
1 - /r/2xni
1 - /r/9em
1 - /r/15z
1 - /r/2ud0
1 - /r/1rye
1 - /r/1djs
1 - /r/31bm
1 - /r/33cc
1 - /r/90s
1 - /r/1az0
1 - /r/l01
1 - /r/33cr
1 - /r/1fke
1 - /r/14c8
1 - /r/153r
1 - /r/21cf
1 - /r/1qrs
1 - /r/2ng7
1 - /r/jty\xE0\xAE\x95\xE0\xAE\x9F\xE0\xAF\x8D\xE0\xAE\x9F\xE0\xAE\xB1\xE0\xAF\x8D\xE0\xAE\xB1
1 - /r/af6
1 - /r/2hou
1 - /r/nel
1 - /r/1n0w
1 - /r/2a2b
1 - /r/i2
1 - /r/155s
1 - /r/20pu
1 - /r/4gy
1 - /r/17ql
1 - /r/23rs
1 - /r/2d4f
1 - /r/h91
1 - /r/6f3
1 - /r/tpe
1 - /r/tpo
1 - /r/2lka
1 - /r/tpp
1 - /r/18v
1 - /r/1cuq
1 - /r/2k82
1 - /r/hwn
1 - /r/2wtc
1 - /r/17q
1 - /r/5pa
1 - /r/2hd
1 - /r/1i59
1 - /r/3xx
1 - /r/2but
1 - /r/z54
1 - /r/bf0
1 - /r/2x5
1 - /r/22ao
1 - /r/144o
1 - /r/2o4k
1 - /r/102f
1 - /r/2rog
1 - /r/2w69
1 - /r/qpf
1 - /r/pd7
1 - /r/2feq
1 - /r/ub8
1 - /r/1on3
1 - /r/34ei
1 - /r/54g
1 - /r/2n6s
1 - /r/f8j
1 - /r/1jdm
1 - /r/2n02
1 - /r/761
1 - /r/vt
1 - /r/1j9x
1 - /r/1bxk
1 - /r/1osc
1 - /r/wqu
1 - /r/op1
1 - /r/4pz
1 - /r/2wqy
1 - /r/1dqe\xE0\xAE\x95\xE0\xAE\x9F\xE0\xAF\x8D\xE0\xAE\x9F\xE0\xAE\xB1\xE0\xAF\x8D\xE0\xAE\xB1
1 - /r/1ecu
1 - /r/1289
1 - /r/28du
1 - /r/1ely
1 - /r/24yg
1 - /r/1257
1 - /r/ch6
1 - /r/1yqf
1 - /r/28ka
1 - /r/6wa
1 - /r/12u2
1 - /r/2kaf
1 - /r/d34
1 - /r/cht
1 - /r/i5r
1 - /r/1iir
1 - /r/2nis
1 - /r/1t7b\xE0\xAE\xA8\xE0\xAF\x8B\xE0\xAE\xA9\xE0\xAF\x8D\xE0\xAE\xAA\xE0\xAF\x88
